<?xml version="1.0" encoding="UTF-8"?>
<testsuites name="VimeoQA" time="21.906" tests="2" failures="0" errors="0">
   <testsuite name="VimeoQA" tests="2" failures="0" errors="0" time="21.906" skipped="0" timestamp="2021-10-13 15:42:07" hostname="Rony - 10.100.102.19" id="Test Suites/UserTestSuite/VimeoQA">
      <properties>
         <property name="deviceName" value=""/>
         <property name="devicePlatform" value=""/>
         <property name="logFolder" value="C:\\Users\\Rony\\Desktop\\AnnView\\VimeoQA\\Reports\\20211013_154201\\UserTestSuite\\VimeoQA\\20211013_154201"/>
         <property name="logFiles" value="C:\\Users\\Rony\\Desktop\\AnnView\\VimeoQA\\Reports\\20211013_154201\\UserTestSuite\\VimeoQA\\20211013_154201\\execution0.log"/>
         <property name="attachments" value=""/>
         <property name="hostName" value="Rony - 10.100.102.19"/>
         <property name="os" value="Windows 10 64bit"/>
         <property name="katalonVersion" value="8.1.0.208"/>
         <property name="browser" value="Chrome 94.0.4606.81"/>
         <property name="hostAddress" value="10.100.102.19"/>
         <property name="sessionId" value="2c78d98692b25723d0d562236925d753"/>
         <property name="seleniumVersion" value="3.141.59"/>
         <property name="proxyInformation" value="ProxyInformation { proxyOption=NO_PROXY, proxyServerType=HTTP, username=, password=********, proxyServerAddress=, proxyServerPort=0, executionList=&quot;&quot;, isApplyToDesiredCapabilities=true }"/>
         <property name="platform" value="Windows 10"/>
      </properties>
      <testcase name="Test Cases/User/UserActions" time="7.374" classname="Test Cases/User/UserActions" status="PASSED">
         <system-out><![CDATA[2021-10-13 15:42:08 - [TEST_CASE][PASSED] - Test Cases/User/UserActions: Test Cases/User/UserActions

2021-10-13 15:42:10 - [TEST_STEP][PASSED] - response = sendRequest(findTestObject("User/vimeoComment")): Send request successfully

2021-10-13 15:42:15 - [MESSAGE][INFO] - HAR: C:\Users\Rony\Desktop\AnnView\VimeoQA\Reports\20211013_154201\UserTestSuite\VimeoQA\20211013_154201\requests\main\0.har

2021-10-13 15:42:15 - [MESSAGE][PASSED] - Send request successfully

2021-10-13 15:42:15 - [TEST_STEP][PASSED] - body = response.getResponseBodyContent(): null

2021-10-13 15:42:15 - [TEST_STEP][PASSED] - println(body): null

2021-10-13 15:42:15 - [TEST_STEP][PASSED] - parser = new groovy.json.JsonSlurper(): null

2021-10-13 15:42:15 - [TEST_STEP][PASSED] - responseAfterParsing = parser.parseText(body): null

2021-10-13 15:42:15 - [TEST_STEP][PASSED] - link = link: null

2021-10-13 15:42:15 - [TEST_STEP][PASSED] - values = link.split("#"): null

2021-10-13 15:42:15 - [TEST_STEP][PASSED] - comment_id = values[1]: null

2021-10-13 15:42:15 - [TEST_STEP][PASSED] - println(comment_id): null

2021-10-13 15:42:15 - [TEST_STEP][PASSED] - comment_text = text: null

2021-10-13 15:42:15 - [TEST_STEP][PASSED] - verifyResponseStatusCode(response, 201): Verify response status code successfully

2021-10-13 15:42:15 - [MESSAGE][PASSED] - Verify response status code successfully]]></system-out>
         <system-err><![CDATA[]]></system-err>
      </testcase>
      <testcase name="Test Cases/commentCheck/commentVerify" time="12.832" classname="Test Cases/commentCheck/commentVerify" status="PASSED">
         <system-out><![CDATA[2021-10-13 15:42:15 - [TEST_CASE][PASSED] - Test Cases/commentCheck/commentVerify: Test Cases/commentCheck/commentVerify

2021-10-13 15:42:17 - [TEST_STEP][PASSED] - openBrowser(""): Browser is opened with url: ''

2021-10-13 15:42:17 - [MESSAGE][INFO] - Starting 'Chrome' driver

2021-10-13 15:42:17 - [MESSAGE][INFO] - Action delay is set to 0 milliseconds

2021-10-13 15:42:20 - [MESSAGE][PASSED] - Browser is opened with url: ''

2021-10-13 15:42:20 - [TEST_STEP][PASSED] - navigateToUrl("https://vimeo.com/"): Navigate to 'https://vimeo.com/' successfully

2021-10-13 15:42:21 - [MESSAGE][PASSED] - Navigate to 'https://vimeo.com/' successfully

2021-10-13 15:42:21 - [TEST_STEP][NOT_RUN] - click(findTestObject("Object Repository/recorded objects2.1/Page_Vimeo  The worlds only all-in-one vide_2822c6/a_Log in")): NOT_RUN: click(findTestObject("Object Repository/recorded objects2.1/Page_Vimeo  The worlds only all-in-one vide_2822c6/a_Log in"))

2021-10-13 15:42:21 - [MESSAGE][NOT_RUN] - NOT_RUN: click(findTestObject("Object Repository/recorded objects2.1/Page_Vimeo  The worlds only all-in-one vide_2822c6/a_Log in"))

2021-10-13 15:42:21 - [TEST_STEP][NOT_RUN] - setText(findTestObject("Object Repository/recorded objects2.1/Page_Vimeo  The worlds only all-in-one vide_2822c6/input_Log in to Vimeo_email"), "ronyland@post.bgu.ac.il"): NOT_RUN: setText(findTestObject("Object Repository/recorded objects2.1/Page_Vimeo  The worlds only all-in-one vide_2822c6/input_Log in to Vimeo_email"), "ronyland@post.bgu.ac.il")

2021-10-13 15:42:21 - [MESSAGE][NOT_RUN] - NOT_RUN: setText(findTestObject("Object Repository/recorded objects2.1/Page_Vimeo  The worlds only all-in-one vide_2822c6/input_Log in to Vimeo_email"), "ronyland@post.bgu.ac.il")

2021-10-13 15:42:21 - [TEST_STEP][NOT_RUN] - setEncryptedText(findTestObject("Object Repository/recorded objects2.1/Page_Vimeo  The worlds only all-in-one vide_2822c6/input_Log in to Vimeo_password"), "3JtwHyzuAJdJUxaSbWvCLQ=="): NOT_RUN: setEncryptedText(findTestObject("Object Repository/recorded objects2.1/Page_Vimeo  The worlds only all-in-one vide_2822c6/input_Log in to Vimeo_password"), "3JtwHyzuAJdJUxaSbWvCLQ==")

2021-10-13 15:42:21 - [MESSAGE][NOT_RUN] - NOT_RUN: setEncryptedText(findTestObject("Object Repository/recorded objects2.1/Page_Vimeo  The worlds only all-in-one vide_2822c6/input_Log in to Vimeo_password"), "3JtwHyzuAJdJUxaSbWvCLQ==")

2021-10-13 15:42:21 - [TEST_STEP][NOT_RUN] - click(findTestObject("Object Repository/recorded objects2.1/Page_Vimeo  The worlds only all-in-one vide_2822c6/input_A security code has been sent to your_7a5454")): NOT_RUN: click(findTestObject("Object Repository/recorded objects2.1/Page_Vimeo  The worlds only all-in-one vide_2822c6/input_A security code has been sent to your_7a5454"))

2021-10-13 15:42:21 - [MESSAGE][NOT_RUN] - NOT_RUN: click(findTestObject("Object Repository/recorded objects2.1/Page_Vimeo  The worlds only all-in-one vide_2822c6/input_A security code has been sent to your_7a5454"))

2021-10-13 15:42:21 - [TEST_STEP][PASSED] - navigateToUrl("https://vimeo.com/" + video_id): Navigate to 'https://vimeo.com/25009217' successfully

2021-10-13 15:42:23 - [MESSAGE][PASSED] - Navigate to 'https://vimeo.com/25009217' successfully

2021-10-13 15:42:23 - [TEST_STEP][NOT_RUN] - scrollToPosition(9999999, 9999999): NOT_RUN: scrollToPosition(9999999, 9999999)

2021-10-13 15:42:23 - [MESSAGE][NOT_RUN] - NOT_RUN: scrollToPosition(9999999, 9999999)

2021-10-13 15:42:23 - [TEST_STEP][PASSED] - focus(findTestObject("check3/Page_Soccer Moves - Soccer Kicking - Soccer_d22ea9/div_Menu                                   _11ec99")): Object: 'Object Repository/check3/Page_Soccer Moves - Soccer Kicking - Soccer_d22ea9/div_Menu                                   _11ec99' is focused

2021-10-13 15:42:25 - [MESSAGE][PASSED] - Object: 'Object Repository/check3/Page_Soccer Moves - Soccer Kicking - Soccer_d22ea9/div_Menu                                   _11ec99' is focused

2021-10-13 15:42:25 - [TEST_STEP][PASSED] - comment = getText(findTestObject("dynamicComment", ["comment_id":comment_id])): Text of object 'Object Repository/dynamicComment' is: 'Eli Cohen12 seconds ago
nice video
Reply'

2021-10-13 15:42:26 - [MESSAGE][PASSED] - Text of object 'Object Repository/dynamicComment' is: 'Eli Cohen12 seconds ago
nice video
Reply'

2021-10-13 15:42:26 - [TEST_STEP][PASSED] - section_comments2 = getText(findTestObject("catching1/Page_Explore on Vimeo/section_2 Comments 6 years agoReplyEli Cohen2 hours agonice videoReplyAdd a new comment")): Text of object 'Object Repository/catching1/Page_Explore on Vimeo/section_2 Comments 6 years agoReplyEli Cohen2 hours agonice videoReplyAdd a new comment' is: '16 Comments
Load 6 previous comments
beegros6 years ago
awesome
Reply
sakilla kojima6 years ago
Cool
Reply
Fadi Ghanem MD6 years ago
I really like it.
Reply
5 Little Spuds4 years ago
Awesome
youtu.be/JeUJbD_zyY0
Reply
mark4 years ago
youtu.be/86IiCq_OXfI
Reply
Dzmitry Rusak4 years ago
Great job!
Is this video for sale?
I need this video how can i get all rights
Reply
Karen Kajmowicz3 years ago
So cute!
Reply
Matthew Broner6 months ago
hi
Reply
VimeoComentator1 month ago
Glad the comments aren't disabled
Reply
Eli Cohen12 seconds ago
nice video
Reply
Add a new comment'

2021-10-13 15:42:27 - [MESSAGE][PASSED] - Text of object 'Object Repository/catching1/Page_Explore on Vimeo/section_2 Comments 6 years agoReplyEli Cohen2 hours agonice videoReplyAdd a new comment' is: '16 Comments
Load 6 previous comments
beegros6 years ago
awesome
Reply
sakilla kojima6 years ago
Cool
Reply
Fadi Ghanem MD6 years ago
I really like it.
Reply
5 Little Spuds4 years ago
Awesome
youtu.be/JeUJbD_zyY0
Reply
mark4 years ago
youtu.be/86IiCq_OXfI
Reply
Dzmitry Rusak4 years ago
Great job!
Is this video for sale?
I need this video how can i get all rights
Reply
Karen Kajmowicz3 years ago
So cute!
Reply
Matthew Broner6 months ago
hi
Reply
VimeoComentator1 month ago
Glad the comments aren't disabled
Reply
Eli Cohen12 seconds ago
nice video
Reply
Add a new comment'

2021-10-13 15:42:27 - [TEST_STEP][PASSED] - comment_text = comment.split("
")[1]: null

2021-10-13 15:42:27 - [TEST_STEP][PASSED] - println(comment_text): null

2021-10-13 15:42:27 - [TEST_STEP][PASSED] - verifyMatch(comment_text, comment_text, false): Actual text 'nice video' and expected text 'nice video' are matched 

2021-10-13 15:42:27 - [MESSAGE][PASSED] - Actual text 'nice video' and expected text 'nice video' are matched 

2021-10-13 15:42:27 - [TEST_STEP][PASSED] - closeBrowser(): Browser is closed

2021-10-13 15:42:28 - [MESSAGE][PASSED] - Browser is closed]]></system-out>
         <system-err><![CDATA[]]></system-err>
      </testcase>
      <system-out><![CDATA[2021-10-13 15:42:07 - [TEST_SUITE][PASSED] - VimeoQA: Test Cases/commentCheck/commentVerify]]></system-out>
      <system-err><![CDATA[]]></system-err>
   </testsuite>
</testsuites>
