<?xml version="1.0" encoding="UTF-8"?>
<testsuites name="VimeoQA" time="37.781" tests="2" failures="0" errors="0">
   <testsuite name="VimeoQA" tests="2" failures="0" errors="0" time="37.781" skipped="0" timestamp="2021-10-13 17:55:58" hostname="Rony - 10.100.102.19" id="Test Suites/UserTestSuite/VimeoQA">
      <properties>
         <property name="deviceName" value=""/>
         <property name="devicePlatform" value=""/>
         <property name="logFolder" value="C:\\Users\\Rony\\Desktop\\AnnView\\VimeoQA\\Reports\\20211013_175552\\UserTestSuite\\VimeoQA\\20211013_175552"/>
         <property name="logFiles" value="C:\\Users\\Rony\\Desktop\\AnnView\\VimeoQA\\Reports\\20211013_175552\\UserTestSuite\\VimeoQA\\20211013_175552\\execution0.log"/>
         <property name="attachments" value=""/>
         <property name="hostName" value="Rony - 10.100.102.19"/>
         <property name="os" value="Windows 10 64bit"/>
         <property name="katalonVersion" value="8.1.0.208"/>
         <property name="browser" value="Chrome 94.0.4606.81"/>
         <property name="hostAddress" value="10.100.102.19"/>
         <property name="sessionId" value="a84eee6f835d85c988fc49bfee3c509e"/>
         <property name="seleniumVersion" value="3.141.59"/>
         <property name="proxyInformation" value="ProxyInformation { proxyOption=NO_PROXY, proxyServerType=HTTP, username=, password=********, proxyServerAddress=, proxyServerPort=0, executionList=&quot;&quot;, isApplyToDesiredCapabilities=true }"/>
         <property name="platform" value="Windows 10"/>
      </properties>
      <testcase name="Test Cases/User/UserActions" time="7.339" classname="Test Cases/User/UserActions" status="PASSED">
         <system-out><![CDATA[2021-10-13 17:55:59 - [TEST_CASE][PASSED] - Test Cases/User/UserActions: Test Cases/User/UserActions

2021-10-13 17:56:01 - [TEST_STEP][PASSED] - response = sendRequest(findTestObject("User/vimeoComment")): Send request successfully

2021-10-13 17:56:06 - [MESSAGE][INFO] - HAR: C:\Users\Rony\Desktop\AnnView\VimeoQA\Reports\20211013_175552\UserTestSuite\VimeoQA\20211013_175552\requests\main\0.har

2021-10-13 17:56:06 - [MESSAGE][PASSED] - Send request successfully

2021-10-13 17:56:06 - [TEST_STEP][PASSED] - body = response.getResponseBodyContent(): null

2021-10-13 17:56:06 - [TEST_STEP][PASSED] - println(body): null

2021-10-13 17:56:06 - [TEST_STEP][PASSED] - parser = new groovy.json.JsonSlurper(): null

2021-10-13 17:56:06 - [TEST_STEP][PASSED] - responseAfterParsing = parser.parseText(body): null

2021-10-13 17:56:06 - [TEST_STEP][PASSED] - link = link: null

2021-10-13 17:56:06 - [TEST_STEP][PASSED] - values = link.split("#"): null

2021-10-13 17:56:06 - [TEST_STEP][PASSED] - comment_id = values[1]: null

2021-10-13 17:56:06 - [TEST_STEP][PASSED] - println(comment_id): null

2021-10-13 17:56:06 - [TEST_STEP][PASSED] - comment_text = text: null

2021-10-13 17:56:06 - [TEST_STEP][PASSED] - verifyResponseStatusCode(response, 201): Verify response status code successfully

2021-10-13 17:56:06 - [MESSAGE][PASSED] - Verify response status code successfully]]></system-out>
         <system-err><![CDATA[]]></system-err>
      </testcase>
      <testcase name="Test Cases/commentCheck/commentVerify" time="27.942" classname="Test Cases/commentCheck/commentVerify" status="PASSED">
         <system-out><![CDATA[2021-10-13 17:56:06 - [TEST_CASE][PASSED] - Test Cases/commentCheck/commentVerify: Test Cases/commentCheck/commentVerify

2021-10-13 17:56:08 - [TEST_STEP][PASSED] - openBrowser(""): Browser is opened with url: ''

2021-10-13 17:56:08 - [MESSAGE][INFO] - Starting 'Chrome' driver

2021-10-13 17:56:09 - [MESSAGE][INFO] - Action delay is set to 0 milliseconds

2021-10-13 17:56:11 - [MESSAGE][PASSED] - Browser is opened with url: ''

2021-10-13 17:56:11 - [TEST_STEP][PASSED] - navigateToUrl("https://vimeo.com/"): Navigate to 'https://vimeo.com/' successfully

2021-10-13 17:56:12 - [MESSAGE][PASSED] - Navigate to 'https://vimeo.com/' successfully

2021-10-13 17:56:12 - [TEST_STEP][PASSED] - click(findTestObject("Object Repository/recorded objects2.1/Page_Vimeo  The worlds only all-in-one vide_2822c6/a_Log in")): Object: 'Object Repository/recorded objects2.1/Page_Vimeo  The worlds only all-in-one vide_2822c6/a_Log in' is clicked on

2021-10-13 17:56:14 - [MESSAGE][PASSED] - Object: 'Object Repository/recorded objects2.1/Page_Vimeo  The worlds only all-in-one vide_2822c6/a_Log in' is clicked on

2021-10-13 17:56:14 - [TEST_STEP][PASSED] - setText(findTestObject("Object Repository/recorded objects2.1/Page_Vimeo  The worlds only all-in-one vide_2822c6/input_Log in to Vimeo_email"), "ronyland@post.bgu.ac.il"): Text 'ronyland@post.bgu.ac.il' is set on object 'Object Repository/recorded objects2.1/Page_Vimeo  The worlds only all-in-one vide_2822c6/input_Log in to Vimeo_email'

2021-10-13 17:56:16 - [MESSAGE][PASSED] - Text 'ronyland@post.bgu.ac.il' is set on object 'Object Repository/recorded objects2.1/Page_Vimeo  The worlds only all-in-one vide_2822c6/input_Log in to Vimeo_email'

2021-10-13 17:56:16 - [TEST_STEP][PASSED] - setEncryptedText(findTestObject("Object Repository/recorded objects2.1/Page_Vimeo  The worlds only all-in-one vide_2822c6/input_Log in to Vimeo_password"), "3JtwHyzuAJdJUxaSbWvCLQ=="): Text ****** has been set on object 'Object Repository/recorded objects2.1/Page_Vimeo  The worlds only all-in-one vide_2822c6/input_Log in to Vimeo_password'

2021-10-13 17:56:17 - [MESSAGE][PASSED] - Text ****** has been set on object 'Object Repository/recorded objects2.1/Page_Vimeo  The worlds only all-in-one vide_2822c6/input_Log in to Vimeo_password'

2021-10-13 17:56:17 - [TEST_STEP][PASSED] - click(findTestObject("Object Repository/recorded objects2.1/Page_Vimeo  The worlds only all-in-one vide_2822c6/input_A security code has been sent to your_7a5454")): Object: 'Object Repository/recorded objects2.1/Page_Vimeo  The worlds only all-in-one vide_2822c6/input_A security code has been sent to your_7a5454' is clicked on

2021-10-13 17:56:17 - [MESSAGE][PASSED] - Object: 'Object Repository/recorded objects2.1/Page_Vimeo  The worlds only all-in-one vide_2822c6/input_A security code has been sent to your_7a5454' is clicked on

2021-10-13 17:56:17 - [TEST_STEP][PASSED] - navigateToUrl("https://vimeo.com/" + video_id): Navigate to 'https://vimeo.com/372750763' successfully

2021-10-13 17:56:20 - [MESSAGE][PASSED] - Navigate to 'https://vimeo.com/372750763' successfully

2021-10-13 17:56:20 - [TEST_STEP][PASSED] - focus(findTestObject("check3/pageTitleCapture/div_Menu                                   _11ec99")): Object: 'Object Repository/check3/pageTitleCapture/div_Menu                                   _11ec99' is focused

2021-10-13 17:56:23 - [MESSAGE][PASSED] - Object: 'Object Repository/check3/pageTitleCapture/div_Menu                                   _11ec99' is focused

2021-10-13 17:56:23 - [TEST_STEP][PASSED] - scrollToPosition(9999999, 9999999): Browser is scrolled to position x = 9999999, y = 9999999

2021-10-13 17:56:23 - [MESSAGE][PASSED] - Browser is scrolled to position x = 9999999, y = 9999999

2021-10-13 17:56:23 - [TEST_STEP][PASSED] - delay(10): Delayed 10 second(s)

2021-10-13 17:56:33 - [MESSAGE][PASSED] - Delayed 10 second(s)

2021-10-13 17:56:33 - [TEST_STEP][PASSED] - comment = getText(findTestObject("dynamicComment", ["comment_id":comment_id])): Text of object 'Object Repository/dynamicComment' is: 'Eli Cohen18 seconds ago
nice video'

2021-10-13 17:56:33 - [MESSAGE][PASSED] - Text of object 'Object Repository/dynamicComment' is: 'Eli Cohen18 seconds ago
nice video'

2021-10-13 17:56:33 - [TEST_STEP][PASSED] - section_comments2 = getText(findTestObject("catching1/Page_Explore on Vimeo/section_2 Comments 6 years agoReplyEli Cohen2 hours agonice videoReplyAdd a new comment")): Text of object 'Object Repository/catching1/Page_Explore on Vimeo/section_2 Comments 6 years agoReplyEli Cohen2 hours agonice videoReplyAdd a new comment' is: '71 Comments
Load 61 previous comments
Nadya Big1 year ago
Parabéns emocionante a história
Reply
Merylin Lira1 year ago
lindinho demais, muito emocionante
Reply
Diego Imai1 year ago
Lindo trabalho!
Reply
Noah Hogan1 year ago
I
Reply
Luisa García Alva1 year ago
Bellísimo! realmente me encantó, felicidades!
Reply
Melissa.1 year ago
perfeito!
Reply
ryanchu7 months ago
everything connected. how i love this surreal world !!!
Reply
Patrícia Cintra4 months ago
Emocionante! A história associada a criatividade do movimento da areia, do mar, do vento. Perceber a mudança e transformação das coisas submetidas ao senhor tempo que move e remove. Uma história linda.
Reply
Mary1 week ago
Girls miss sex
Write to them: findmeet.site
Reply
Eli Cohen18 seconds ago
nice video
Reply
Add a new comment'

2021-10-13 17:56:34 - [MESSAGE][PASSED] - Text of object 'Object Repository/catching1/Page_Explore on Vimeo/section_2 Comments 6 years agoReplyEli Cohen2 hours agonice videoReplyAdd a new comment' is: '71 Comments
Load 61 previous comments
Nadya Big1 year ago
Parabéns emocionante a história
Reply
Merylin Lira1 year ago
lindinho demais, muito emocionante
Reply
Diego Imai1 year ago
Lindo trabalho!
Reply
Noah Hogan1 year ago
I
Reply
Luisa García Alva1 year ago
Bellísimo! realmente me encantó, felicidades!
Reply
Melissa.1 year ago
perfeito!
Reply
ryanchu7 months ago
everything connected. how i love this surreal world !!!
Reply
Patrícia Cintra4 months ago
Emocionante! A história associada a criatividade do movimento da areia, do mar, do vento. Perceber a mudança e transformação das coisas submetidas ao senhor tempo que move e remove. Uma história linda.
Reply
Mary1 week ago
Girls miss sex
Write to them: findmeet.site
Reply
Eli Cohen18 seconds ago
nice video
Reply
Add a new comment'

2021-10-13 17:56:34 - [TEST_STEP][PASSED] - comment_text = comment.split("
")[1]: null

2021-10-13 17:56:34 - [TEST_STEP][PASSED] - println(comment_text): null

2021-10-13 17:56:34 - [TEST_STEP][PASSED] - verifyMatch(comment_text, comment_text, false): Actual text 'nice video' and expected text 'nice video' are matched 

2021-10-13 17:56:34 - [MESSAGE][PASSED] - Actual text 'nice video' and expected text 'nice video' are matched]]></system-out>
         <system-err><![CDATA[]]></system-err>
      </testcase>
      <system-out><![CDATA[2021-10-13 17:55:58 - [TEST_SUITE][PASSED] - VimeoQA: Test Cases/commentCheck/commentVerify]]></system-out>
      <system-err><![CDATA[]]></system-err>
   </testsuite>
</testsuites>
