<?xml version="1.0" encoding="UTF-8"?>
<testsuites name="VimeoQA" time="68.799" tests="2" failures="0" errors="0">
   <testsuite name="VimeoQA" tests="2" failures="0" errors="0" time="68.799" skipped="0" timestamp="2021-10-13 18:49:02" hostname="Rony - 10.100.102.19" id="Test Suites/UserTestSuite/VimeoQA">
      <properties>
         <property name="deviceName" value=""/>
         <property name="devicePlatform" value=""/>
         <property name="logFolder" value="C:\\Users\\Rony\\Desktop\\AnnView\\VimeoQA\\Reports\\20211013_184855\\UserTestSuite\\VimeoQA\\20211013_184855"/>
         <property name="logFiles" value="C:\\Users\\Rony\\Desktop\\AnnView\\VimeoQA\\Reports\\20211013_184855\\UserTestSuite\\VimeoQA\\20211013_184855\\execution0.log"/>
         <property name="attachments" value=""/>
         <property name="hostName" value="Rony - 10.100.102.19"/>
         <property name="os" value="Windows 10 64bit"/>
         <property name="katalonVersion" value="8.1.0.208"/>
         <property name="browser" value="Chrome 94.0.4606.81"/>
         <property name="hostAddress" value="10.100.102.19"/>
         <property name="sessionId" value="1823141dbb14bd54da2b29653702f302"/>
         <property name="seleniumVersion" value="3.141.59"/>
         <property name="proxyInformation" value="ProxyInformation { proxyOption=NO_PROXY, proxyServerType=HTTP, username=, password=********, proxyServerAddress=, proxyServerPort=0, executionList=&quot;&quot;, isApplyToDesiredCapabilities=true }"/>
         <property name="platform" value="Windows 10"/>
      </properties>
      <testcase name="Test Cases/User/UserActions" time="7.837" classname="Test Cases/User/UserActions" status="PASSED">
         <system-out><![CDATA[2021-10-13 18:49:03 - [TEST_CASE][PASSED] - Test Cases/User/UserActions: Test Cases/User/UserActions

2021-10-13 18:49:05 - [TEST_STEP][PASSED] - response = sendRequest(findTestObject("User/vimeoComment")): Send request successfully

2021-10-13 18:49:10 - [MESSAGE][INFO] - HAR: C:\Users\Rony\Desktop\AnnView\VimeoQA\Reports\20211013_184855\UserTestSuite\VimeoQA\20211013_184855\requests\main\0.har

2021-10-13 18:49:10 - [MESSAGE][PASSED] - Send request successfully

2021-10-13 18:49:10 - [TEST_STEP][PASSED] - body = response.getResponseBodyContent(): null

2021-10-13 18:49:10 - [TEST_STEP][PASSED] - println(body): null

2021-10-13 18:49:10 - [TEST_STEP][PASSED] - parser = new groovy.json.JsonSlurper(): null

2021-10-13 18:49:10 - [TEST_STEP][PASSED] - responseAfterParsing = parser.parseText(body): null

2021-10-13 18:49:11 - [TEST_STEP][PASSED] - link = link: null

2021-10-13 18:49:11 - [TEST_STEP][PASSED] - values = link.split("#"): null

2021-10-13 18:49:11 - [TEST_STEP][PASSED] - comment_id = values[1]: null

2021-10-13 18:49:11 - [TEST_STEP][PASSED] - println(comment_id): null

2021-10-13 18:49:11 - [TEST_STEP][PASSED] - comment_text = text: null

2021-10-13 18:49:11 - [TEST_STEP][PASSED] - verifyResponseStatusCode(response, 201): Verify response status code successfully

2021-10-13 18:49:11 - [MESSAGE][PASSED] - Verify response status code successfully]]></system-out>
         <system-err><![CDATA[]]></system-err>
      </testcase>
      <testcase name="Test Cases/commentCheck/commentVerify" time="58.464" classname="Test Cases/commentCheck/commentVerify" status="PASSED">
         <system-out><![CDATA[2021-10-13 18:49:11 - [TEST_CASE][PASSED] - Test Cases/commentCheck/commentVerify: Test Cases/commentCheck/commentVerify

2021-10-13 18:49:13 - [TEST_STEP][PASSED] - openBrowser(""): Browser is opened with url: ''

2021-10-13 18:49:13 - [MESSAGE][INFO] - Starting 'Chrome' driver

2021-10-13 18:49:13 - [MESSAGE][INFO] - Action delay is set to 0 milliseconds

2021-10-13 18:49:16 - [MESSAGE][PASSED] - Browser is opened with url: ''

2021-10-13 18:49:16 - [TEST_STEP][PASSED] - navigateToUrl("https://vimeo.com/"): Navigate to 'https://vimeo.com/' successfully

2021-10-13 18:49:17 - [MESSAGE][PASSED] - Navigate to 'https://vimeo.com/' successfully

2021-10-13 18:49:17 - [TEST_STEP][PASSED] - click(findTestObject("Object Repository/recorded objects2.1/Page_Vimeo  The worlds only all-in-one vide_2822c6/a_Log in")): Object: 'Object Repository/recorded objects2.1/Page_Vimeo  The worlds only all-in-one vide_2822c6/a_Log in' is clicked on

2021-10-13 18:49:19 - [MESSAGE][PASSED] - Object: 'Object Repository/recorded objects2.1/Page_Vimeo  The worlds only all-in-one vide_2822c6/a_Log in' is clicked on

2021-10-13 18:49:19 - [TEST_STEP][PASSED] - setText(findTestObject("Object Repository/recorded objects2.1/Page_Vimeo  The worlds only all-in-one vide_2822c6/input_Log in to Vimeo_email"), "ronyland@post.bgu.ac.il"): Text 'ronyland@post.bgu.ac.il' is set on object 'Object Repository/recorded objects2.1/Page_Vimeo  The worlds only all-in-one vide_2822c6/input_Log in to Vimeo_email'

2021-10-13 18:49:20 - [MESSAGE][PASSED] - Text 'ronyland@post.bgu.ac.il' is set on object 'Object Repository/recorded objects2.1/Page_Vimeo  The worlds only all-in-one vide_2822c6/input_Log in to Vimeo_email'

2021-10-13 18:49:20 - [TEST_STEP][PASSED] - setEncryptedText(findTestObject("Object Repository/recorded objects2.1/Page_Vimeo  The worlds only all-in-one vide_2822c6/input_Log in to Vimeo_password"), "3JtwHyzuAJdJUxaSbWvCLQ=="): Text ****** has been set on object 'Object Repository/recorded objects2.1/Page_Vimeo  The worlds only all-in-one vide_2822c6/input_Log in to Vimeo_password'

2021-10-13 18:49:21 - [MESSAGE][PASSED] - Text ****** has been set on object 'Object Repository/recorded objects2.1/Page_Vimeo  The worlds only all-in-one vide_2822c6/input_Log in to Vimeo_password'

2021-10-13 18:49:21 - [TEST_STEP][PASSED] - click(findTestObject("Object Repository/recorded objects2.1/Page_Vimeo  The worlds only all-in-one vide_2822c6/input_A security code has been sent to your_7a5454")): Object: 'Object Repository/recorded objects2.1/Page_Vimeo  The worlds only all-in-one vide_2822c6/input_A security code has been sent to your_7a5454' is clicked on

2021-10-13 18:49:22 - [MESSAGE][PASSED] - Object: 'Object Repository/recorded objects2.1/Page_Vimeo  The worlds only all-in-one vide_2822c6/input_A security code has been sent to your_7a5454' is clicked on

2021-10-13 18:49:22 - [TEST_STEP][PASSED] - navigateToUrl("https://vimeo.com/" + video_id): Navigate to 'https://vimeo.com/603867023' successfully

2021-10-13 18:49:24 - [MESSAGE][PASSED] - Navigate to 'https://vimeo.com/603867023' successfully

2021-10-13 18:49:24 - [TEST_STEP][PASSED] - focus(findTestObject("check3/pageTitleCapture/div_Menu                                   _11ec99")): Object: 'Object Repository/check3/pageTitleCapture/div_Menu                                   _11ec99' is focused

2021-10-13 18:49:25 - [MESSAGE][PASSED] - Object: 'Object Repository/check3/pageTitleCapture/div_Menu                                   _11ec99' is focused

2021-10-13 18:49:25 - [TEST_STEP][PASSED] - scrollToPosition(9999999, 9999999): Browser is scrolled to position x = 9999999, y = 9999999

2021-10-13 18:49:25 - [MESSAGE][PASSED] - Browser is scrolled to position x = 9999999, y = 9999999

2021-10-13 18:49:25 - [TEST_STEP][PASSED] - delay(10): Delayed 10 second(s)

2021-10-13 18:49:35 - [MESSAGE][PASSED] - Delayed 10 second(s)

2021-10-13 18:49:35 - [TEST_STEP][PASSED] - comment = getText(findTestObject("try fix bug/Page_YONA on Vimeo/Page_SEAWOLF on Vimeo/div_Eli Cohen15 seconds agonice video", ["comment_id":comment_id])): Text of object 'Object Repository/try fix bug/Page_YONA on Vimeo/Page_SEAWOLF on Vimeo/div_Eli Cohen15 seconds agonice video' is: 'stuartPLUS3 weeks ago
what's not to like!!!!'

2021-10-13 18:50:07 - [MESSAGE][INFO] - Unable to find the element located by 'By.xpath: //article[@id='comment_19553739']'. Please recheck the objects properties to make sure the desired element is located. 

2021-10-13 18:50:07 - [MESSAGE][WARNING] - [SELF-HEALING] Failed to find element with id 'Object Repository/try fix bug/Page_YONA on Vimeo/Page_SEAWOLF on Vimeo/div_Eli Cohen15 seconds agonice video'. Try using Self-healing.

2021-10-13 18:50:08 - [MESSAGE][INFO] - Unable to find the element located by 'By.xpath: (.//*[normalize-space(text()) and normalize-space(.)='Reply'])[9]/following::div[5]'. Please recheck the objects properties to make sure the desired element is located. 

2021-10-13 18:50:08 - [MESSAGE][INFO] - [SELF-HEALING] Failed Locator: '//article[@id='comment_19553614']/div/div[2]/div'.

2021-10-13 18:50:08 - [MESSAGE][INFO] - [SELF-HEALING] Failed Locator: '(.//*[normalize-space(text()) and normalize-space(.)='Reply'])[9]/following::div[5]'.

2021-10-13 18:50:09 - [MESSAGE][INFO] - [SELF-HEALING] Working Locator: '(.//*[normalize-space(text()) and normalize-space(.)='Plus'])[2]/following::div[8]'.

2021-10-13 18:50:09 - [MESSAGE][INFO] - [SELF-HEALING] Screenshot: C:/Users/Rony/Desktop/AnnView/VimeoQA/Reports/Self-healing/Object Repository/try fix bug/Page_YONA on Vimeo/Page_SEAWOLF on Vimeo/div_Eli Cohen15 seconds agonice video_neighbor.png

2021-10-13 18:50:09 - [MESSAGE][WARNING] - [SELF-HEALING] The current locator of test object 'Object Repository/try fix bug/Page_YONA on Vimeo/Page_SEAWOLF on Vimeo/div_Eli Cohen15 seconds agonice video' was broken. Propose an alternative one: '(.//*[normalize-space(text()) and normalize-space(.)='Plus'])[2]/following::div[8]'.

2021-10-13 18:50:09 - [MESSAGE][PASSED] - Text of object 'Object Repository/try fix bug/Page_YONA on Vimeo/Page_SEAWOLF on Vimeo/div_Eli Cohen15 seconds agonice video' is: 'stuartPLUS3 weeks ago
what's not to like!!!!'

2021-10-13 18:50:09 - [TEST_STEP][PASSED] - println(comment): null]]></system-out>
         <system-err><![CDATA[]]></system-err>
      </testcase>
      <system-out><![CDATA[2021-10-13 18:49:02 - [TEST_SUITE][PASSED] - VimeoQA: Test Cases/commentCheck/commentVerify]]></system-out>
      <system-err><![CDATA[]]></system-err>
   </testsuite>
</testsuites>
