<?xml version="1.0" encoding="UTF-8"?>
<testsuites name="VimeoQA" time="35.988" tests="3" failures="0" errors="0">
   <testsuite name="VimeoQA" tests="3" failures="0" errors="0" time="35.988" skipped="0" timestamp="2021-10-13 16:36:52" hostname="Rony - 10.100.102.19" id="Test Suites/UserTestSuite/VimeoQA">
      <properties>
         <property name="deviceName" value=""/>
         <property name="devicePlatform" value=""/>
         <property name="logFolder" value="C:\\Users\\Rony\\Desktop\\AnnView\\VimeoQA\\Reports\\20211013_163646\\UserTestSuite\\VimeoQA\\20211013_163646"/>
         <property name="logFiles" value="C:\\Users\\Rony\\Desktop\\AnnView\\VimeoQA\\Reports\\20211013_163646\\UserTestSuite\\VimeoQA\\20211013_163646\\execution0.log"/>
         <property name="attachments" value=""/>
         <property name="hostName" value="Rony - 10.100.102.19"/>
         <property name="os" value="Windows 10 64bit"/>
         <property name="katalonVersion" value="8.1.0.208"/>
         <property name="browser" value="Chrome 94.0.4606.81"/>
         <property name="hostAddress" value="10.100.102.19"/>
         <property name="sessionId" value="3ab1312a8f615ae82dc8c6b53d0d7a99"/>
         <property name="seleniumVersion" value="3.141.59"/>
         <property name="proxyInformation" value="ProxyInformation { proxyOption=NO_PROXY, proxyServerType=HTTP, username=, password=********, proxyServerAddress=, proxyServerPort=0, executionList=&quot;&quot;, isApplyToDesiredCapabilities=true }"/>
         <property name="platform" value="Windows 10"/>
      </properties>
      <testcase name="Test Cases/User/UserActions" time="7.476" classname="Test Cases/User/UserActions" status="PASSED">
         <system-out><![CDATA[2021-10-13 16:36:53 - [TEST_CASE][PASSED] - Test Cases/User/UserActions: Test Cases/User/UserActions

2021-10-13 16:36:55 - [TEST_STEP][PASSED] - response = sendRequest(findTestObject("User/vimeoComment")): Send request successfully

2021-10-13 16:37:00 - [MESSAGE][INFO] - HAR: C:\Users\Rony\Desktop\AnnView\VimeoQA\Reports\20211013_163646\UserTestSuite\VimeoQA\20211013_163646\requests\main\0.har

2021-10-13 16:37:00 - [MESSAGE][PASSED] - Send request successfully

2021-10-13 16:37:00 - [TEST_STEP][PASSED] - body = response.getResponseBodyContent(): null

2021-10-13 16:37:00 - [TEST_STEP][PASSED] - println(body): null

2021-10-13 16:37:00 - [TEST_STEP][PASSED] - parser = new groovy.json.JsonSlurper(): null

2021-10-13 16:37:00 - [TEST_STEP][PASSED] - responseAfterParsing = parser.parseText(body): null

2021-10-13 16:37:00 - [TEST_STEP][PASSED] - link = link: null

2021-10-13 16:37:00 - [TEST_STEP][PASSED] - values = link.split("#"): null

2021-10-13 16:37:00 - [TEST_STEP][PASSED] - comment_id = values[1]: null

2021-10-13 16:37:00 - [TEST_STEP][PASSED] - println(comment_id): null

2021-10-13 16:37:00 - [TEST_STEP][PASSED] - comment_text = text: null

2021-10-13 16:37:00 - [TEST_STEP][PASSED] - verifyResponseStatusCode(response, 201): Verify response status code successfully

2021-10-13 16:37:00 - [MESSAGE][PASSED] - Verify response status code successfully]]></system-out>
         <system-err><![CDATA[]]></system-err>
      </testcase>
      <testcase name="Test Cases/commentCheck/commentVerify" time="16.687" classname="Test Cases/commentCheck/commentVerify" status="PASSED">
         <system-out><![CDATA[2021-10-13 16:37:00 - [TEST_CASE][PASSED] - Test Cases/commentCheck/commentVerify: Test Cases/commentCheck/commentVerify

2021-10-13 16:37:02 - [TEST_STEP][PASSED] - openBrowser(""): Browser is opened with url: ''

2021-10-13 16:37:03 - [MESSAGE][INFO] - Starting 'Chrome' driver

2021-10-13 16:37:03 - [MESSAGE][INFO] - Action delay is set to 0 milliseconds

2021-10-13 16:37:05 - [MESSAGE][PASSED] - Browser is opened with url: ''

2021-10-13 16:37:05 - [TEST_STEP][PASSED] - navigateToUrl("https://vimeo.com/"): Navigate to 'https://vimeo.com/' successfully

2021-10-13 16:37:06 - [MESSAGE][PASSED] - Navigate to 'https://vimeo.com/' successfully

2021-10-13 16:37:06 - [TEST_STEP][PASSED] - click(findTestObject("Object Repository/recorded objects2.1/Page_Vimeo  The worlds only all-in-one vide_2822c6/a_Log in")): Object: 'Object Repository/recorded objects2.1/Page_Vimeo  The worlds only all-in-one vide_2822c6/a_Log in' is clicked on

2021-10-13 16:37:09 - [MESSAGE][PASSED] - Object: 'Object Repository/recorded objects2.1/Page_Vimeo  The worlds only all-in-one vide_2822c6/a_Log in' is clicked on

2021-10-13 16:37:09 - [TEST_STEP][PASSED] - setText(findTestObject("Object Repository/recorded objects2.1/Page_Vimeo  The worlds only all-in-one vide_2822c6/input_Log in to Vimeo_email"), "ronyland@post.bgu.ac.il"): Text 'ronyland@post.bgu.ac.il' is set on object 'Object Repository/recorded objects2.1/Page_Vimeo  The worlds only all-in-one vide_2822c6/input_Log in to Vimeo_email'

2021-10-13 16:37:10 - [MESSAGE][PASSED] - Text 'ronyland@post.bgu.ac.il' is set on object 'Object Repository/recorded objects2.1/Page_Vimeo  The worlds only all-in-one vide_2822c6/input_Log in to Vimeo_email'

2021-10-13 16:37:10 - [TEST_STEP][PASSED] - setEncryptedText(findTestObject("Object Repository/recorded objects2.1/Page_Vimeo  The worlds only all-in-one vide_2822c6/input_Log in to Vimeo_password"), "3JtwHyzuAJdJUxaSbWvCLQ=="): Text ****** has been set on object 'Object Repository/recorded objects2.1/Page_Vimeo  The worlds only all-in-one vide_2822c6/input_Log in to Vimeo_password'

2021-10-13 16:37:10 - [MESSAGE][PASSED] - Text ****** has been set on object 'Object Repository/recorded objects2.1/Page_Vimeo  The worlds only all-in-one vide_2822c6/input_Log in to Vimeo_password'

2021-10-13 16:37:10 - [TEST_STEP][PASSED] - click(findTestObject("Object Repository/recorded objects2.1/Page_Vimeo  The worlds only all-in-one vide_2822c6/input_A security code has been sent to your_7a5454")): Object: 'Object Repository/recorded objects2.1/Page_Vimeo  The worlds only all-in-one vide_2822c6/input_A security code has been sent to your_7a5454' is clicked on

2021-10-13 16:37:11 - [MESSAGE][PASSED] - Object: 'Object Repository/recorded objects2.1/Page_Vimeo  The worlds only all-in-one vide_2822c6/input_A security code has been sent to your_7a5454' is clicked on

2021-10-13 16:37:11 - [TEST_STEP][PASSED] - navigateToUrl("https://vimeo.com/" + video_id): Navigate to 'https://vimeo.com/461590874' successfully

2021-10-13 16:37:13 - [MESSAGE][PASSED] - Navigate to 'https://vimeo.com/461590874' successfully

2021-10-13 16:37:13 - [TEST_STEP][NOT_RUN] - scrollToPosition(9999999, 9999999): NOT_RUN: scrollToPosition(9999999, 9999999)

2021-10-13 16:37:13 - [MESSAGE][NOT_RUN] - NOT_RUN: scrollToPosition(9999999, 9999999)

2021-10-13 16:37:13 - [TEST_STEP][PASSED] - focus(findTestObject("check3/pageTitleCapture/div_Menu                                   _11ec99")): Object: 'Object Repository/check3/pageTitleCapture/div_Menu                                   _11ec99' is focused

2021-10-13 16:37:14 - [MESSAGE][PASSED] - Object: 'Object Repository/check3/pageTitleCapture/div_Menu                                   _11ec99' is focused

2021-10-13 16:37:14 - [TEST_STEP][PASSED] - comment = getText(findTestObject("dynamicComment", ["comment_id":comment_id])): Text of object 'Object Repository/dynamicComment' is: 'Eli Cohen16 seconds ago
nice video
Reply'

2021-10-13 16:37:16 - [MESSAGE][PASSED] - Text of object 'Object Repository/dynamicComment' is: 'Eli Cohen16 seconds ago
nice video
Reply'

2021-10-13 16:37:16 - [TEST_STEP][PASSED] - section_comments2 = getText(findTestObject("catching1/Page_Explore on Vimeo/section_2 Comments 6 years agoReplyEli Cohen2 hours agonice videoReplyAdd a new comment")): Text of object 'Object Repository/catching1/Page_Explore on Vimeo/section_2 Comments 6 years agoReplyEli Cohen2 hours agonice videoReplyAdd a new comment' is: '30 Comments
Load 16 previous comments
Otto WhiteheadPLUS1 year ago
Powerful! Thank you for this.
Forest WoodwardPLUS1 year ago
Absolutely! Thanks so much for the good words!
Reply
Jason JohnsonPLUS1 year ago
Wow...I began appreciating the amazing work on the sound editing and visuals but fell quickly into the message at hand. 🙏🏾💙🙋🏾‍♂️
Forest WoodwardPLUS1 year ago
Thanks Jason! as was our hope - so glad to hear that the message resonated with you
Reply
Idowu Abdulwahab1 year ago
This is amazing...lovely work
Forest WoodwardPLUS1 year ago
Thank you Idowu
Reply
surfyn surfyn1 year ago
Toutes les annonces immobilières à partir de Surfyn
Reply
Stéphane RIDARD1 year ago
LOVE
Forest WoodwardPLUS1 year ago
Thanks so much!
Reply
Banyak FilmsPRO1 year ago
Wonderful film. What a speech.
Forest WoodwardPLUS1 year ago
Kevin is a phenomenal orator and leader indeed, thanks for watching and commenting!
Reply
ibrahim1 year ago
🌱
Reply
Lilly Woodbury1 year ago
Hey!! I sent you a message, I'd love to include this in the Surfrider Short Film Festival in Tofino, B.C., happening November 20th-22nd!
Reply
Eli Cohen16 seconds ago
nice video
Reply
Add a new comment'

2021-10-13 16:37:16 - [MESSAGE][PASSED] - Text of object 'Object Repository/catching1/Page_Explore on Vimeo/section_2 Comments 6 years agoReplyEli Cohen2 hours agonice videoReplyAdd a new comment' is: '30 Comments
Load 16 previous comments
Otto WhiteheadPLUS1 year ago
Powerful! Thank you for this.
Forest WoodwardPLUS1 year ago
Absolutely! Thanks so much for the good words!
Reply
Jason JohnsonPLUS1 year ago
Wow...I began appreciating the amazing work on the sound editing and visuals but fell quickly into the message at hand. 🙏🏾💙🙋🏾‍♂️
Forest WoodwardPLUS1 year ago
Thanks Jason! as was our hope - so glad to hear that the message resonated with you
Reply
Idowu Abdulwahab1 year ago
This is amazing...lovely work
Forest WoodwardPLUS1 year ago
Thank you Idowu
Reply
surfyn surfyn1 year ago
Toutes les annonces immobilières à partir de Surfyn
Reply
Stéphane RIDARD1 year ago
LOVE
Forest WoodwardPLUS1 year ago
Thanks so much!
Reply
Banyak FilmsPRO1 year ago
Wonderful film. What a speech.
Forest WoodwardPLUS1 year ago
Kevin is a phenomenal orator and leader indeed, thanks for watching and commenting!
Reply
ibrahim1 year ago
🌱
Reply
Lilly Woodbury1 year ago
Hey!! I sent you a message, I'd love to include this in the Surfrider Short Film Festival in Tofino, B.C., happening November 20th-22nd!
Reply
Eli Cohen16 seconds ago
nice video
Reply
Add a new comment'

2021-10-13 16:37:16 - [TEST_STEP][PASSED] - comment_text = comment.split("
")[1]: null

2021-10-13 16:37:16 - [TEST_STEP][PASSED] - println(comment_text): null

2021-10-13 16:37:16 - [TEST_STEP][PASSED] - verifyMatch(comment_text, comment_text, false): Actual text 'nice video' and expected text 'nice video' are matched 

2021-10-13 16:37:16 - [MESSAGE][PASSED] - Actual text 'nice video' and expected text 'nice video' are matched 

2021-10-13 16:37:16 - [TEST_STEP][PASSED] - closeBrowser(): Browser is closed

2021-10-13 16:37:17 - [MESSAGE][PASSED] - Browser is closed]]></system-out>
         <system-err><![CDATA[]]></system-err>
      </testcase>
      <testcase name="Test Cases/LikesViews/LikeViews" time="10.156" classname="Test Cases/LikesViews/LikeViews" status="PASSED">
         <system-out><![CDATA[2021-10-13 16:37:17 - [TEST_CASE][PASSED] - Test Cases/LikesViews/LikeViews: Test Cases/LikesViews/LikeViews

2021-10-13 16:37:18 - [TEST_STEP][PASSED] - openBrowser(""): Browser is opened with url: ''

2021-10-13 16:37:18 - [MESSAGE][INFO] - Starting 'Chrome' driver

2021-10-13 16:37:18 - [MESSAGE][INFO] - Action delay is set to 0 milliseconds

2021-10-13 16:37:20 - [MESSAGE][PASSED] - Browser is opened with url: ''

2021-10-13 16:37:20 - [TEST_STEP][PASSED] - navigateToUrl("https://vimeo.com/" + video_id2): Navigate to 'https://vimeo.com/1686402' successfully

2021-10-13 16:37:22 - [MESSAGE][PASSED] - Navigate to 'https://vimeo.com/1686402' successfully

2021-10-13 16:37:22 - [TEST_STEP][PASSED] - focus(findTestObject("check3/pageTitleCapture/div_Menu                                   _11ec99")): Object: 'Object Repository/check3/pageTitleCapture/div_Menu                                   _11ec99' is focused

2021-10-13 16:37:25 - [MESSAGE][PASSED] - Object: 'Object Repository/check3/pageTitleCapture/div_Menu                                   _11ec99' is focused

2021-10-13 16:37:25 - [TEST_STEP][PASSED] - temp = getText(findTestObject("Object Repository/objectLikesViews/Page_YONA on Vimeo/span_3,530")): Text of object 'Object Repository/objectLikesViews/Page_YONA on Vimeo/span_3,530' is: '5'

2021-10-13 16:37:26 - [MESSAGE][PASSED] - Text of object 'Object Repository/objectLikesViews/Page_YONA on Vimeo/span_3,530' is: '5'

2021-10-13 16:37:26 - [TEST_STEP][PASSED] - temp1 = getText(findTestObject("Object Repository/objectLikesViews/Page_YONA on Vimeo/span_202K")): Text of object 'Object Repository/objectLikesViews/Page_YONA on Vimeo/span_202K' is: '3,418'

2021-10-13 16:37:27 - [MESSAGE][PASSED] - Text of object 'Object Repository/objectLikesViews/Page_YONA on Vimeo/span_202K' is: '3,418'

2021-10-13 16:37:27 - [TEST_STEP][PASSED] - likes_number = temp: null

2021-10-13 16:37:27 - [TEST_STEP][PASSED] - views_num = temp1: null

2021-10-13 16:37:27 - [TEST_STEP][PASSED] - println(likes_number): null

2021-10-13 16:37:27 - [TEST_STEP][PASSED] - println(views_num): null

2021-10-13 16:37:27 - [TEST_STEP][PASSED] - closeBrowser(): Browser is closed

2021-10-13 16:37:27 - [MESSAGE][PASSED] - Browser is closed]]></system-out>
         <system-err><![CDATA[]]></system-err>
      </testcase>
      <system-out><![CDATA[2021-10-13 16:36:52 - [TEST_SUITE][PASSED] - VimeoQA: Test Cases/LikesViews/LikeViews]]></system-out>
      <system-err><![CDATA[]]></system-err>
   </testsuite>
</testsuites>
