<?xml version="1.0" encoding="UTF-8"?>
<testsuites name="VimeoQA" time="37.432" tests="2" failures="0" errors="0">
   <testsuite name="VimeoQA" tests="2" failures="0" errors="0" time="37.432" skipped="0" timestamp="2021-10-13 18:56:29" hostname="Rony - 10.100.102.19" id="Test Suites/UserTestSuite/VimeoQA">
      <properties>
         <property name="deviceName" value=""/>
         <property name="devicePlatform" value=""/>
         <property name="logFolder" value="C:\\Users\\Rony\\Desktop\\AnnView\\VimeoQA\\Reports\\20211013_185623\\UserTestSuite\\VimeoQA\\20211013_185623"/>
         <property name="logFiles" value="C:\\Users\\Rony\\Desktop\\AnnView\\VimeoQA\\Reports\\20211013_185623\\UserTestSuite\\VimeoQA\\20211013_185623\\execution0.log"/>
         <property name="attachments" value=""/>
         <property name="hostName" value="Rony - 10.100.102.19"/>
         <property name="os" value="Windows 10 64bit"/>
         <property name="katalonVersion" value="8.1.0.208"/>
         <property name="browser" value="Chrome 94.0.4606.81"/>
         <property name="hostAddress" value="10.100.102.19"/>
         <property name="sessionId" value="dedc5282576ed8f89db65d1bf22218ed"/>
         <property name="seleniumVersion" value="3.141.59"/>
         <property name="proxyInformation" value="ProxyInformation { proxyOption=NO_PROXY, proxyServerType=HTTP, username=, password=********, proxyServerAddress=, proxyServerPort=0, executionList=&quot;&quot;, isApplyToDesiredCapabilities=true }"/>
         <property name="platform" value="Windows 10"/>
      </properties>
      <testcase name="Test Cases/User/UserActions" time="7.554" classname="Test Cases/User/UserActions" status="PASSED">
         <system-out><![CDATA[2021-10-13 18:56:29 - [TEST_CASE][PASSED] - Test Cases/User/UserActions: Test Cases/User/UserActions

2021-10-13 18:56:32 - [TEST_STEP][PASSED] - response = sendRequest(findTestObject("User/vimeoComment")): Send request successfully

2021-10-13 18:56:37 - [MESSAGE][INFO] - HAR: C:\Users\Rony\Desktop\AnnView\VimeoQA\Reports\20211013_185623\UserTestSuite\VimeoQA\20211013_185623\requests\main\0.har

2021-10-13 18:56:37 - [MESSAGE][PASSED] - Send request successfully

2021-10-13 18:56:37 - [TEST_STEP][PASSED] - body = response.getResponseBodyContent(): null

2021-10-13 18:56:37 - [TEST_STEP][PASSED] - println(body): null

2021-10-13 18:56:37 - [TEST_STEP][PASSED] - parser = new groovy.json.JsonSlurper(): null

2021-10-13 18:56:37 - [TEST_STEP][PASSED] - responseAfterParsing = parser.parseText(body): null

2021-10-13 18:56:37 - [TEST_STEP][PASSED] - link = link: null

2021-10-13 18:56:37 - [TEST_STEP][PASSED] - values = link.split("#"): null

2021-10-13 18:56:37 - [TEST_STEP][PASSED] - comment_id = values[1]: null

2021-10-13 18:56:37 - [TEST_STEP][PASSED] - println(comment_id): null

2021-10-13 18:56:37 - [TEST_STEP][PASSED] - comment_text = text: null

2021-10-13 18:56:37 - [TEST_STEP][PASSED] - verifyResponseStatusCode(response, 201): Verify response status code successfully

2021-10-13 18:56:37 - [MESSAGE][PASSED] - Verify response status code successfully]]></system-out>
         <system-err><![CDATA[]]></system-err>
      </testcase>
      <testcase name="Test Cases/commentCheck/commentVerify" time="27.422" classname="Test Cases/commentCheck/commentVerify" status="PASSED">
         <system-out><![CDATA[2021-10-13 18:56:37 - [TEST_CASE][PASSED] - Test Cases/commentCheck/commentVerify: Test Cases/commentCheck/commentVerify

2021-10-13 18:56:38 - [TEST_STEP][PASSED] - openBrowser(""): Browser is opened with url: ''

2021-10-13 18:56:39 - [MESSAGE][INFO] - Starting 'Chrome' driver

2021-10-13 18:56:39 - [MESSAGE][INFO] - Action delay is set to 0 milliseconds

2021-10-13 18:56:41 - [MESSAGE][PASSED] - Browser is opened with url: ''

2021-10-13 18:56:41 - [TEST_STEP][PASSED] - navigateToUrl("https://vimeo.com/"): Navigate to 'https://vimeo.com/' successfully

2021-10-13 18:56:43 - [MESSAGE][PASSED] - Navigate to 'https://vimeo.com/' successfully

2021-10-13 18:56:43 - [TEST_STEP][PASSED] - click(findTestObject("Object Repository/recorded objects2.1/Page_Vimeo  The worlds only all-in-one vide_2822c6/a_Log in")): Object: 'Object Repository/recorded objects2.1/Page_Vimeo  The worlds only all-in-one vide_2822c6/a_Log in' is clicked on

2021-10-13 18:56:44 - [MESSAGE][PASSED] - Object: 'Object Repository/recorded objects2.1/Page_Vimeo  The worlds only all-in-one vide_2822c6/a_Log in' is clicked on

2021-10-13 18:56:44 - [TEST_STEP][PASSED] - setText(findTestObject("Object Repository/recorded objects2.1/Page_Vimeo  The worlds only all-in-one vide_2822c6/input_Log in to Vimeo_email"), "ronyland@post.bgu.ac.il"): Text 'ronyland@post.bgu.ac.il' is set on object 'Object Repository/recorded objects2.1/Page_Vimeo  The worlds only all-in-one vide_2822c6/input_Log in to Vimeo_email'

2021-10-13 18:56:46 - [MESSAGE][PASSED] - Text 'ronyland@post.bgu.ac.il' is set on object 'Object Repository/recorded objects2.1/Page_Vimeo  The worlds only all-in-one vide_2822c6/input_Log in to Vimeo_email'

2021-10-13 18:56:46 - [TEST_STEP][PASSED] - setEncryptedText(findTestObject("Object Repository/recorded objects2.1/Page_Vimeo  The worlds only all-in-one vide_2822c6/input_Log in to Vimeo_password"), "3JtwHyzuAJdJUxaSbWvCLQ=="): Text ****** has been set on object 'Object Repository/recorded objects2.1/Page_Vimeo  The worlds only all-in-one vide_2822c6/input_Log in to Vimeo_password'

2021-10-13 18:56:47 - [MESSAGE][PASSED] - Text ****** has been set on object 'Object Repository/recorded objects2.1/Page_Vimeo  The worlds only all-in-one vide_2822c6/input_Log in to Vimeo_password'

2021-10-13 18:56:47 - [TEST_STEP][PASSED] - click(findTestObject("Object Repository/recorded objects2.1/Page_Vimeo  The worlds only all-in-one vide_2822c6/input_A security code has been sent to your_7a5454")): Object: 'Object Repository/recorded objects2.1/Page_Vimeo  The worlds only all-in-one vide_2822c6/input_A security code has been sent to your_7a5454' is clicked on

2021-10-13 18:56:47 - [MESSAGE][PASSED] - Object: 'Object Repository/recorded objects2.1/Page_Vimeo  The worlds only all-in-one vide_2822c6/input_A security code has been sent to your_7a5454' is clicked on

2021-10-13 18:56:47 - [TEST_STEP][PASSED] - navigateToUrl("https://vimeo.com/" + video_id): Navigate to 'https://vimeo.com/571724525' successfully

2021-10-13 18:56:51 - [MESSAGE][PASSED] - Navigate to 'https://vimeo.com/571724525' successfully

2021-10-13 18:56:51 - [TEST_STEP][PASSED] - focus(findTestObject("check3/pageTitleCapture/div_Menu                                   _11ec99")): Object: 'Object Repository/check3/pageTitleCapture/div_Menu                                   _11ec99' is focused

2021-10-13 18:56:54 - [MESSAGE][PASSED] - Object: 'Object Repository/check3/pageTitleCapture/div_Menu                                   _11ec99' is focused

2021-10-13 18:56:54 - [TEST_STEP][PASSED] - scrollToPosition(9999999, 9999999): Browser is scrolled to position x = 9999999, y = 9999999

2021-10-13 18:56:54 - [MESSAGE][PASSED] - Browser is scrolled to position x = 9999999, y = 9999999

2021-10-13 18:56:54 - [TEST_STEP][PASSED] - delay(10): Delayed 10 second(s)

2021-10-13 18:57:04 - [MESSAGE][PASSED] - Delayed 10 second(s)

2021-10-13 18:57:04 - [TEST_STEP][PASSED] - comment = getText(findTestObject("try fix bug/Page_YONA on Vimeo/Page_SEAWOLF on Vimeo/div_Eli Cohen15 seconds agonice video", ["comment_id":comment_id])): Text of object 'Object Repository/try fix bug/Page_YONA on Vimeo/Page_SEAWOLF on Vimeo/div_Eli Cohen15 seconds agonice video' is: 'Eli Cohen18 seconds ago
nice video
Reply'

2021-10-13 18:57:04 - [MESSAGE][PASSED] - Text of object 'Object Repository/try fix bug/Page_YONA on Vimeo/Page_SEAWOLF on Vimeo/div_Eli Cohen15 seconds agonice video' is: 'Eli Cohen18 seconds ago
nice video
Reply'

2021-10-13 18:57:04 - [TEST_STEP][PASSED] - println(comment): null]]></system-out>
         <system-err><![CDATA[]]></system-err>
      </testcase>
      <system-out><![CDATA[2021-10-13 18:56:29 - [TEST_SUITE][PASSED] - VimeoQA: Test Cases/commentCheck/commentVerify]]></system-out>
      <system-err><![CDATA[]]></system-err>
   </testsuite>
</testsuites>
