<?xml version="1.0" encoding="UTF-8"?>
<testsuites name="VimeoQA" time="42.281" tests="2" failures="0" errors="0">
   <testsuite name="VimeoQA" tests="2" failures="0" errors="0" time="42.281" skipped="0" timestamp="2021-10-13 17:47:10" hostname="Rony - 10.100.102.19" id="Test Suites/UserTestSuite/VimeoQA">
      <properties>
         <property name="deviceName" value=""/>
         <property name="devicePlatform" value=""/>
         <property name="logFolder" value="C:\\Users\\Rony\\Desktop\\AnnView\\VimeoQA\\Reports\\20211013_174704\\UserTestSuite\\VimeoQA\\20211013_174704"/>
         <property name="logFiles" value="C:\\Users\\Rony\\Desktop\\AnnView\\VimeoQA\\Reports\\20211013_174704\\UserTestSuite\\VimeoQA\\20211013_174704\\execution0.log"/>
         <property name="attachments" value=""/>
         <property name="hostName" value="Rony - 10.100.102.19"/>
         <property name="os" value="Windows 10 64bit"/>
         <property name="katalonVersion" value="8.1.0.208"/>
         <property name="browser" value="Chrome 94.0.4606.81"/>
         <property name="hostAddress" value="10.100.102.19"/>
         <property name="sessionId" value="e3befbd4590fd5a697e3eae4fa4bb010"/>
         <property name="seleniumVersion" value="3.141.59"/>
         <property name="proxyInformation" value="ProxyInformation { proxyOption=NO_PROXY, proxyServerType=HTTP, username=, password=********, proxyServerAddress=, proxyServerPort=0, executionList=&quot;&quot;, isApplyToDesiredCapabilities=true }"/>
         <property name="platform" value="Windows 10"/>
      </properties>
      <testcase name="Test Cases/User/UserActions" time="7.584" classname="Test Cases/User/UserActions" status="PASSED">
         <system-out><![CDATA[2021-10-13 17:47:10 - [TEST_CASE][PASSED] - Test Cases/User/UserActions: Test Cases/User/UserActions

2021-10-13 17:47:12 - [TEST_STEP][PASSED] - response = sendRequest(findTestObject("User/vimeoComment")): Send request successfully

2021-10-13 17:47:18 - [MESSAGE][INFO] - HAR: C:\Users\Rony\Desktop\AnnView\VimeoQA\Reports\20211013_174704\UserTestSuite\VimeoQA\20211013_174704\requests\main\0.har

2021-10-13 17:47:18 - [MESSAGE][PASSED] - Send request successfully

2021-10-13 17:47:18 - [TEST_STEP][PASSED] - body = response.getResponseBodyContent(): null

2021-10-13 17:47:18 - [TEST_STEP][PASSED] - println(body): null

2021-10-13 17:47:18 - [TEST_STEP][PASSED] - parser = new groovy.json.JsonSlurper(): null

2021-10-13 17:47:18 - [TEST_STEP][PASSED] - responseAfterParsing = parser.parseText(body): null

2021-10-13 17:47:18 - [TEST_STEP][PASSED] - link = link: null

2021-10-13 17:47:18 - [TEST_STEP][PASSED] - values = link.split("#"): null

2021-10-13 17:47:18 - [TEST_STEP][PASSED] - comment_id = values[1]: null

2021-10-13 17:47:18 - [TEST_STEP][PASSED] - println(comment_id): null

2021-10-13 17:47:18 - [TEST_STEP][PASSED] - comment_text = text: null

2021-10-13 17:47:18 - [TEST_STEP][PASSED] - verifyResponseStatusCode(response, 201): Verify response status code successfully

2021-10-13 17:47:18 - [MESSAGE][PASSED] - Verify response status code successfully]]></system-out>
         <system-err><![CDATA[]]></system-err>
      </testcase>
      <testcase name="Test Cases/commentCheck/commentVerify" time="32.207" classname="Test Cases/commentCheck/commentVerify" status="PASSED">
         <system-out><![CDATA[2021-10-13 17:47:18 - [TEST_CASE][PASSED] - Test Cases/commentCheck/commentVerify: Test Cases/commentCheck/commentVerify

2021-10-13 17:47:20 - [TEST_STEP][PASSED] - openBrowser(""): Browser is opened with url: ''

2021-10-13 17:47:20 - [MESSAGE][INFO] - Starting 'Chrome' driver

2021-10-13 17:47:20 - [MESSAGE][INFO] - Action delay is set to 0 milliseconds

2021-10-13 17:47:23 - [MESSAGE][PASSED] - Browser is opened with url: ''

2021-10-13 17:47:23 - [TEST_STEP][PASSED] - navigateToUrl("https://vimeo.com/"): Navigate to 'https://vimeo.com/' successfully

2021-10-13 17:47:24 - [MESSAGE][PASSED] - Navigate to 'https://vimeo.com/' successfully

2021-10-13 17:47:24 - [TEST_STEP][PASSED] - click(findTestObject("Object Repository/recorded objects2.1/Page_Vimeo  The worlds only all-in-one vide_2822c6/a_Log in")): Object: 'Object Repository/recorded objects2.1/Page_Vimeo  The worlds only all-in-one vide_2822c6/a_Log in' is clicked on

2021-10-13 17:47:25 - [MESSAGE][PASSED] - Object: 'Object Repository/recorded objects2.1/Page_Vimeo  The worlds only all-in-one vide_2822c6/a_Log in' is clicked on

2021-10-13 17:47:25 - [TEST_STEP][PASSED] - setText(findTestObject("Object Repository/recorded objects2.1/Page_Vimeo  The worlds only all-in-one vide_2822c6/input_Log in to Vimeo_email"), "ronyland@post.bgu.ac.il"): Text 'ronyland@post.bgu.ac.il' is set on object 'Object Repository/recorded objects2.1/Page_Vimeo  The worlds only all-in-one vide_2822c6/input_Log in to Vimeo_email'

2021-10-13 17:47:27 - [MESSAGE][PASSED] - Text 'ronyland@post.bgu.ac.il' is set on object 'Object Repository/recorded objects2.1/Page_Vimeo  The worlds only all-in-one vide_2822c6/input_Log in to Vimeo_email'

2021-10-13 17:47:27 - [TEST_STEP][PASSED] - setEncryptedText(findTestObject("Object Repository/recorded objects2.1/Page_Vimeo  The worlds only all-in-one vide_2822c6/input_Log in to Vimeo_password"), "3JtwHyzuAJdJUxaSbWvCLQ=="): Text ****** has been set on object 'Object Repository/recorded objects2.1/Page_Vimeo  The worlds only all-in-one vide_2822c6/input_Log in to Vimeo_password'

2021-10-13 17:47:28 - [MESSAGE][PASSED] - Text ****** has been set on object 'Object Repository/recorded objects2.1/Page_Vimeo  The worlds only all-in-one vide_2822c6/input_Log in to Vimeo_password'

2021-10-13 17:47:28 - [TEST_STEP][PASSED] - click(findTestObject("Object Repository/recorded objects2.1/Page_Vimeo  The worlds only all-in-one vide_2822c6/input_A security code has been sent to your_7a5454")): Object: 'Object Repository/recorded objects2.1/Page_Vimeo  The worlds only all-in-one vide_2822c6/input_A security code has been sent to your_7a5454' is clicked on

2021-10-13 17:47:28 - [MESSAGE][PASSED] - Object: 'Object Repository/recorded objects2.1/Page_Vimeo  The worlds only all-in-one vide_2822c6/input_A security code has been sent to your_7a5454' is clicked on

2021-10-13 17:47:28 - [TEST_STEP][PASSED] - navigateToUrl("https://vimeo.com/" + video_id): Navigate to 'https://vimeo.com/438455208' successfully

2021-10-13 17:47:34 - [MESSAGE][PASSED] - Navigate to 'https://vimeo.com/438455208' successfully

2021-10-13 17:47:34 - [TEST_STEP][PASSED] - focus(findTestObject("check3/pageTitleCapture/div_Menu                                   _11ec99")): Object: 'Object Repository/check3/pageTitleCapture/div_Menu                                   _11ec99' is focused

2021-10-13 17:47:39 - [MESSAGE][PASSED] - Object: 'Object Repository/check3/pageTitleCapture/div_Menu                                   _11ec99' is focused

2021-10-13 17:47:39 - [TEST_STEP][PASSED] - scrollToPosition(9999999, 9999999): Browser is scrolled to position x = 9999999, y = 9999999

2021-10-13 17:47:39 - [MESSAGE][PASSED] - Browser is scrolled to position x = 9999999, y = 9999999

2021-10-13 17:47:39 - [TEST_STEP][PASSED] - delay(10): Delayed 10 second(s)

2021-10-13 17:47:49 - [MESSAGE][PASSED] - Delayed 10 second(s)

2021-10-13 17:47:49 - [TEST_STEP][PASSED] - comment = getText(findTestObject("dynamicComment", ["comment_id":comment_id])): Text of object 'Object Repository/dynamicComment' is: 'Eli Cohen19 seconds ago
nice video'

2021-10-13 17:47:50 - [MESSAGE][PASSED] - Text of object 'Object Repository/dynamicComment' is: 'Eli Cohen19 seconds ago
nice video'

2021-10-13 17:47:50 - [TEST_STEP][PASSED] - section_comments2 = getText(findTestObject("catching1/Page_Explore on Vimeo/section_2 Comments 6 years agoReplyEli Cohen2 hours agonice videoReplyAdd a new comment")): Text of object 'Object Repository/catching1/Page_Explore on Vimeo/section_2 Comments 6 years agoReplyEli Cohen2 hours agonice videoReplyAdd a new comment' is: '15 Comments
Load 3 previous comments
Ina PiraSTAFF1 year ago
Beautiful work!
Bradley TangonanPRO1 year ago
Thank you, Ina! 🙏🏽
Reply
Chetan Gade1 year ago
Did you use any stabiliser?
Reply
Chetan Gade1 year ago
What camera and stabiliser did you use?
Reply
Amalgamation PicturesPRO1 year ago
Stellar work once again mate. Incredible.
Reply
Brandon LavoiePRO1 year ago
Beautiful, Bradley
Bradley TangonanPRO1 year ago
Thank you, Brandon!
Reply
A M Ï C O F I L M SPLUS1 year ago
Beautiful work, and a story worth telling
Reply
Críona ScannellPLUS1 year ago
Absolutely stunning
Reply
Trevor RileyPLUS1 year ago
Really like the look
Reply
Glass Features1 year ago
Beautiful. Shared.
Reply
Eli Cohen19 seconds ago
nice video
Reply
Add a new comment'

2021-10-13 17:47:50 - [MESSAGE][PASSED] - Text of object 'Object Repository/catching1/Page_Explore on Vimeo/section_2 Comments 6 years agoReplyEli Cohen2 hours agonice videoReplyAdd a new comment' is: '15 Comments
Load 3 previous comments
Ina PiraSTAFF1 year ago
Beautiful work!
Bradley TangonanPRO1 year ago
Thank you, Ina! 🙏🏽
Reply
Chetan Gade1 year ago
Did you use any stabiliser?
Reply
Chetan Gade1 year ago
What camera and stabiliser did you use?
Reply
Amalgamation PicturesPRO1 year ago
Stellar work once again mate. Incredible.
Reply
Brandon LavoiePRO1 year ago
Beautiful, Bradley
Bradley TangonanPRO1 year ago
Thank you, Brandon!
Reply
A M Ï C O F I L M SPLUS1 year ago
Beautiful work, and a story worth telling
Reply
Críona ScannellPLUS1 year ago
Absolutely stunning
Reply
Trevor RileyPLUS1 year ago
Really like the look
Reply
Glass Features1 year ago
Beautiful. Shared.
Reply
Eli Cohen19 seconds ago
nice video
Reply
Add a new comment'

2021-10-13 17:47:50 - [TEST_STEP][PASSED] - comment_text = comment.split("
")[1]: null

2021-10-13 17:47:50 - [TEST_STEP][PASSED] - println(comment_text): null

2021-10-13 17:47:50 - [TEST_STEP][PASSED] - verifyMatch(comment_text, comment_text, false): Actual text 'nice video' and expected text 'nice video' are matched 

2021-10-13 17:47:50 - [MESSAGE][PASSED] - Actual text 'nice video' and expected text 'nice video' are matched]]></system-out>
         <system-err><![CDATA[]]></system-err>
      </testcase>
      <system-out><![CDATA[2021-10-13 17:47:10 - [TEST_SUITE][PASSED] - VimeoQA: Test Cases/commentCheck/commentVerify]]></system-out>
      <system-err><![CDATA[]]></system-err>
   </testsuite>
</testsuites>
