<?xml version="1.0" encoding="UTF-8"?>
<testsuites name="VimeoQA" time="34.709" tests="3" failures="0" errors="0">
   <testsuite name="VimeoQA" tests="3" failures="0" errors="0" time="34.709" skipped="0" timestamp="2021-10-13 19:46:01" hostname="Rony - 10.100.102.19" id="Test Suites/UserTestSuite/VimeoQA">
      <properties>
         <property name="deviceName" value=""/>
         <property name="devicePlatform" value=""/>
         <property name="logFolder" value="C:\\Users\\Rony\\Desktop\\AnnView\\VimeoQA\\Reports\\20211013_194556\\UserTestSuite\\VimeoQA\\20211013_194556"/>
         <property name="logFiles" value="C:\\Users\\Rony\\Desktop\\AnnView\\VimeoQA\\Reports\\20211013_194556\\UserTestSuite\\VimeoQA\\20211013_194556\\execution0.log"/>
         <property name="attachments" value=""/>
         <property name="hostName" value="Rony - 10.100.102.19"/>
         <property name="os" value="Windows 10 64bit"/>
         <property name="katalonVersion" value="8.1.0.208"/>
         <property name="browser" value="Chrome 94.0.4606.81"/>
         <property name="hostAddress" value="10.100.102.19"/>
         <property name="sessionId" value="c480dfd34932d9779e0f6d0774f0d1cd"/>
         <property name="seleniumVersion" value="3.141.59"/>
         <property name="proxyInformation" value="ProxyInformation { proxyOption=NO_PROXY, proxyServerType=HTTP, username=, password=********, proxyServerAddress=, proxyServerPort=0, executionList=&quot;&quot;, isApplyToDesiredCapabilities=true }"/>
         <property name="platform" value="Windows 10"/>
      </properties>
      <testcase name="Test Cases/User/UserActions" time="7.295" classname="Test Cases/User/UserActions" status="PASSED">
         <system-out><![CDATA[2021-10-13 19:46:02 - [TEST_CASE][PASSED] - Test Cases/User/UserActions: Test Cases/User/UserActions

2021-10-13 19:46:04 - [TEST_STEP][PASSED] - response = sendRequest(findTestObject("User/vimeoComment")): Send request successfully

2021-10-13 19:46:09 - [MESSAGE][INFO] - HAR: C:\Users\Rony\Desktop\AnnView\VimeoQA\Reports\20211013_194556\UserTestSuite\VimeoQA\20211013_194556\requests\main\0.har

2021-10-13 19:46:09 - [MESSAGE][PASSED] - Send request successfully

2021-10-13 19:46:09 - [TEST_STEP][PASSED] - body = response.getResponseBodyContent(): null

2021-10-13 19:46:09 - [TEST_STEP][PASSED] - println(body): null

2021-10-13 19:46:09 - [TEST_STEP][PASSED] - parser = new groovy.json.JsonSlurper(): null

2021-10-13 19:46:09 - [TEST_STEP][PASSED] - responseAfterParsing = parser.parseText(body): null

2021-10-13 19:46:09 - [TEST_STEP][PASSED] - link = link: null

2021-10-13 19:46:09 - [TEST_STEP][PASSED] - values = link.split("#"): null

2021-10-13 19:46:09 - [TEST_STEP][PASSED] - comment_id = values[1]: null

2021-10-13 19:46:09 - [TEST_STEP][PASSED] - println(comment_id): null

2021-10-13 19:46:09 - [TEST_STEP][PASSED] - comment_text = text: null

2021-10-13 19:46:09 - [TEST_STEP][PASSED] - verifyResponseStatusCode(response, 201): Verify response status code successfully

2021-10-13 19:46:09 - [MESSAGE][PASSED] - Verify response status code successfully]]></system-out>
         <system-err><![CDATA[]]></system-err>
      </testcase>
      <testcase name="Test Cases/commentCheck/commentVerify" time="19.545" classname="Test Cases/commentCheck/commentVerify" status="PASSED">
         <system-out><![CDATA[2021-10-13 19:46:09 - [TEST_CASE][PASSED] - Test Cases/commentCheck/commentVerify: Test Cases/commentCheck/commentVerify

2021-10-13 19:46:11 - [TEST_STEP][PASSED] - openBrowser(""): Browser is opened with url: ''

2021-10-13 19:46:11 - [MESSAGE][INFO] - Starting 'Chrome' driver

2021-10-13 19:46:11 - [MESSAGE][INFO] - Action delay is set to 0 milliseconds

2021-10-13 19:46:14 - [MESSAGE][PASSED] - Browser is opened with url: ''

2021-10-13 19:46:14 - [TEST_STEP][PASSED] - navigateToUrl("https://vimeo.com/"): Navigate to 'https://vimeo.com/' successfully

2021-10-13 19:46:15 - [MESSAGE][PASSED] - Navigate to 'https://vimeo.com/' successfully

2021-10-13 19:46:15 - [TEST_STEP][PASSED] - click(findTestObject("Object Repository/recorded objects2.1/Page_Vimeo  The worlds only all-in-one vide_2822c6/a_Log in")): Object: 'Object Repository/recorded objects2.1/Page_Vimeo  The worlds only all-in-one vide_2822c6/a_Log in' is clicked on

2021-10-13 19:46:17 - [MESSAGE][PASSED] - Object: 'Object Repository/recorded objects2.1/Page_Vimeo  The worlds only all-in-one vide_2822c6/a_Log in' is clicked on

2021-10-13 19:46:17 - [TEST_STEP][PASSED] - setText(findTestObject("Object Repository/recorded objects2.1/Page_Vimeo  The worlds only all-in-one vide_2822c6/input_Log in to Vimeo_email"), "ronyland@post.bgu.ac.il"): Text 'ronyland@post.bgu.ac.il' is set on object 'Object Repository/recorded objects2.1/Page_Vimeo  The worlds only all-in-one vide_2822c6/input_Log in to Vimeo_email'

2021-10-13 19:46:18 - [MESSAGE][PASSED] - Text 'ronyland@post.bgu.ac.il' is set on object 'Object Repository/recorded objects2.1/Page_Vimeo  The worlds only all-in-one vide_2822c6/input_Log in to Vimeo_email'

2021-10-13 19:46:18 - [TEST_STEP][PASSED] - setEncryptedText(findTestObject("Object Repository/recorded objects2.1/Page_Vimeo  The worlds only all-in-one vide_2822c6/input_Log in to Vimeo_password"), "3JtwHyzuAJdJUxaSbWvCLQ=="): Text ****** has been set on object 'Object Repository/recorded objects2.1/Page_Vimeo  The worlds only all-in-one vide_2822c6/input_Log in to Vimeo_password'

2021-10-13 19:46:19 - [MESSAGE][PASSED] - Text ****** has been set on object 'Object Repository/recorded objects2.1/Page_Vimeo  The worlds only all-in-one vide_2822c6/input_Log in to Vimeo_password'

2021-10-13 19:46:19 - [TEST_STEP][PASSED] - click(findTestObject("Object Repository/recorded objects2.1/Page_Vimeo  The worlds only all-in-one vide_2822c6/input_A security code has been sent to your_7a5454")): Object: 'Object Repository/recorded objects2.1/Page_Vimeo  The worlds only all-in-one vide_2822c6/input_A security code has been sent to your_7a5454' is clicked on

2021-10-13 19:46:20 - [MESSAGE][PASSED] - Object: 'Object Repository/recorded objects2.1/Page_Vimeo  The worlds only all-in-one vide_2822c6/input_A security code has been sent to your_7a5454' is clicked on

2021-10-13 19:46:20 - [TEST_STEP][PASSED] - delay(5): Delayed 5 second(s)

2021-10-13 19:46:25 - [MESSAGE][PASSED] - Delayed 5 second(s)

2021-10-13 19:46:25 - [TEST_STEP][PASSED] - navigateToUrl("https://vimeo.com/" + video_id): Navigate to 'https://vimeo.com/553596679' successfully

2021-10-13 19:46:27 - [MESSAGE][PASSED] - Navigate to 'https://vimeo.com/553596679' successfully

2021-10-13 19:46:27 - [TEST_STEP][PASSED] - focus(findTestObject("check3/pageTitleCapture/div_Menu                                   _11ec99")): Object: 'Object Repository/check3/pageTitleCapture/div_Menu                                   _11ec99' is focused

2021-10-13 19:46:28 - [MESSAGE][PASSED] - Object: 'Object Repository/check3/pageTitleCapture/div_Menu                                   _11ec99' is focused

2021-10-13 19:46:28 - [TEST_STEP][PASSED] - comment = getText(findTestObject("dynamicComment", ["comment_id":comment_id])): Text of object 'Object Repository/dynamicComment' is: 'Eli Cohen20 seconds ago
nice video'

2021-10-13 19:46:29 - [MESSAGE][PASSED] - Text of object 'Object Repository/dynamicComment' is: 'Eli Cohen20 seconds ago
nice video'

2021-10-13 19:46:29 - [TEST_STEP][PASSED] - println(comment): null

2021-10-13 19:46:29 - [TEST_STEP][PASSED] - comment_text = comment.split("
")[1]: null

2021-10-13 19:46:29 - [TEST_STEP][PASSED] - println(comment_text): null

2021-10-13 19:46:29 - [TEST_STEP][PASSED] - verifyMatch(comment_text, comment_text, false): Actual text 'nice video' and expected text 'nice video' are matched 

2021-10-13 19:46:29 - [MESSAGE][PASSED] - Actual text 'nice video' and expected text 'nice video' are matched]]></system-out>
         <system-err><![CDATA[]]></system-err>
      </testcase>
      <testcase name="Test Cases/LikesViews/LikeViews" time="6.122" classname="Test Cases/LikesViews/LikeViews" status="PASSED">
         <system-out><![CDATA[2021-10-13 19:46:29 - [TEST_CASE][PASSED] - Test Cases/LikesViews/LikeViews: Test Cases/LikesViews/LikeViews

2021-10-13 19:46:30 - [TEST_STEP][PASSED] - navigateToUrl("https://vimeo.com/" + video_id2): Navigate to 'https://vimeo.com/1686402' successfully

2021-10-13 19:46:32 - [MESSAGE][PASSED] - Navigate to 'https://vimeo.com/1686402' successfully

2021-10-13 19:46:32 - [TEST_STEP][PASSED] - focus(findTestObject("check3/pageTitleCapture/div_Menu                                   _11ec99")): Object: 'Object Repository/check3/pageTitleCapture/div_Menu                                   _11ec99' is focused

2021-10-13 19:46:33 - [MESSAGE][PASSED] - Object: 'Object Repository/check3/pageTitleCapture/div_Menu                                   _11ec99' is focused

2021-10-13 19:46:33 - [TEST_STEP][PASSED] - temp = getText(findTestObject("Object Repository/objectLikesViews/Page_YONA on Vimeo/span_3,530")): Text of object 'Object Repository/objectLikesViews/Page_YONA on Vimeo/span_3,530' is: '5'

2021-10-13 19:46:34 - [MESSAGE][PASSED] - Text of object 'Object Repository/objectLikesViews/Page_YONA on Vimeo/span_3,530' is: '5'

2021-10-13 19:46:34 - [TEST_STEP][PASSED] - temp1 = getText(findTestObject("Object Repository/objectLikesViews/Page_YONA on Vimeo/span_202K")): Text of object 'Object Repository/objectLikesViews/Page_YONA on Vimeo/span_202K' is: '3,419'

2021-10-13 19:46:34 - [MESSAGE][PASSED] - Text of object 'Object Repository/objectLikesViews/Page_YONA on Vimeo/span_202K' is: '3,419'

2021-10-13 19:46:34 - [TEST_STEP][PASSED] - likes_number = temp: null

2021-10-13 19:46:34 - [TEST_STEP][PASSED] - views_num = temp1: null

2021-10-13 19:46:34 - [TEST_STEP][PASSED] - println(likes_number): null

2021-10-13 19:46:34 - [TEST_STEP][PASSED] - println(views_num): null

2021-10-13 19:46:34 - [TEST_STEP][PASSED] - closeBrowser(): Browser is closed

2021-10-13 19:46:35 - [MESSAGE][PASSED] - Browser is closed]]></system-out>
         <system-err><![CDATA[]]></system-err>
      </testcase>
      <system-out><![CDATA[2021-10-13 19:46:01 - [TEST_SUITE][PASSED] - VimeoQA: Test Cases/LikesViews/LikeViews]]></system-out>
      <system-err><![CDATA[]]></system-err>
   </testsuite>
</testsuites>
