<?xml version="1.0" encoding="UTF-8"?>
<testsuites name="VimeoQA" time="57.044" tests="3" failures="0" errors="0">
   <testsuite name="VimeoQA" tests="3" failures="0" errors="0" time="57.044" skipped="0" timestamp="2021-10-13 21:54:06" hostname="Rony - 10.100.102.19" id="Test Suites/UserTestSuite/VimeoQA">
      <properties>
         <property name="deviceName" value=""/>
         <property name="devicePlatform" value=""/>
         <property name="logFolder" value="C:\\Users\\Rony\\Desktop\\AnnView\\VimeoQA\\Reports\\20211013_215401\\UserTestSuite\\VimeoQA\\20211013_215401"/>
         <property name="logFiles" value="C:\\Users\\Rony\\Desktop\\AnnView\\VimeoQA\\Reports\\20211013_215401\\UserTestSuite\\VimeoQA\\20211013_215401\\execution0.log"/>
         <property name="attachments" value=""/>
         <property name="hostName" value="Rony - 10.100.102.19"/>
         <property name="os" value="Windows 10 64bit"/>
         <property name="katalonVersion" value="8.1.0.208"/>
         <property name="browser" value="Firefox 93.0"/>
         <property name="hostAddress" value="10.100.102.19"/>
         <property name="sessionId" value="351f14e7-aa70-4010-b6ac-c40322815876"/>
         <property name="seleniumVersion" value="3.141.59"/>
         <property name="proxyInformation" value="ProxyInformation { proxyOption=NO_PROXY, proxyServerType=HTTP, username=, password=********, proxyServerAddress=, proxyServerPort=0, executionList=&quot;&quot;, isApplyToDesiredCapabilities=true }"/>
         <property name="platform" value="Windows 10"/>
      </properties>
      <testcase name="Test Cases/User/UserActions" time="6.984" classname="Test Cases/User/UserActions" status="PASSED">
         <system-out><![CDATA[2021-10-13 21:54:07 - [TEST_CASE][PASSED] - Test Cases/User/UserActions: Test Cases/User/UserActions

2021-10-13 21:54:09 - [TEST_STEP][PASSED] - response = sendRequest(findTestObject("UserAPI/vimeoComment")): Send request successfully

2021-10-13 21:54:14 - [MESSAGE][INFO] - HAR: C:\Users\Rony\Desktop\AnnView\VimeoQA\Reports\20211013_215401\UserTestSuite\VimeoQA\20211013_215401\requests\main\0.har

2021-10-13 21:54:14 - [MESSAGE][PASSED] - Send request successfully

2021-10-13 21:54:14 - [TEST_STEP][PASSED] - verifyResponseStatusCode(response, 201): Verify response status code successfully

2021-10-13 21:54:14 - [MESSAGE][PASSED] - Verify response status code successfully

2021-10-13 21:54:14 - [TEST_STEP][PASSED] - body = response.getResponseBodyContent(): null

2021-10-13 21:54:14 - [TEST_STEP][PASSED] - println(body): null

2021-10-13 21:54:14 - [TEST_STEP][PASSED] - parser = new groovy.json.JsonSlurper(): null

2021-10-13 21:54:14 - [TEST_STEP][PASSED] - responseAfterParsing = parser.parseText(body): null

2021-10-13 21:54:14 - [TEST_STEP][PASSED] - link = link: null

2021-10-13 21:54:14 - [TEST_STEP][PASSED] - values = link.split("#"): null

2021-10-13 21:54:14 - [TEST_STEP][PASSED] - comment_id = values[1]: null

2021-10-13 21:54:14 - [TEST_STEP][PASSED] - comment_text = text: null]]></system-out>
         <system-err><![CDATA[]]></system-err>
      </testcase>
      <testcase name="Test Cases/commentCheck/commentVerify" time="36.911" classname="Test Cases/commentCheck/commentVerify" status="PASSED">
         <system-out><![CDATA[2021-10-13 21:54:14 - [TEST_CASE][PASSED] - Test Cases/commentCheck/commentVerify: Test Cases/commentCheck/commentVerify

2021-10-13 21:54:16 - [TEST_STEP][PASSED] - openBrowser(""): Browser is opened with url: ''

2021-10-13 21:54:16 - [MESSAGE][INFO] - Starting 'Firefox' driver

2021-10-13 21:54:16 - [MESSAGE][INFO] - Action delay is set to 0 milliseconds

2021-10-13 21:54:22 - [MESSAGE][WARNING] - Time Capsule is not supported on this browser.

2021-10-13 21:54:22 - [MESSAGE][PASSED] - Browser is opened with url: ''

2021-10-13 21:54:22 - [TEST_STEP][PASSED] - navigateToUrl("https://vimeo.com/"): Navigate to 'https://vimeo.com/' successfully

2021-10-13 21:54:23 - [MESSAGE][PASSED] - Navigate to 'https://vimeo.com/' successfully

2021-10-13 21:54:23 - [TEST_STEP][PASSED] - verifyElementPresent(findTestObject("Random Captures/Page_Vimeo  The worlds only all-in-one video solution/h1_Unlock thepower of video"), 2): Object 'Object Repository/Random Captures/Page_Vimeo  The worlds only all-in-one video solution/h1_Unlock thepower of video' is present

2021-10-13 21:54:24 - [MESSAGE][PASSED] - Object 'Object Repository/Random Captures/Page_Vimeo  The worlds only all-in-one video solution/h1_Unlock thepower of video' is present

2021-10-13 21:54:24 - [TEST_STEP][PASSED] - click(findTestObject("Object Repository/log in objects/Page_Vimeo  The worlds only all-in-one vide_2822c6/a_Log in")): Object: 'Object Repository/log in objects/Page_Vimeo  The worlds only all-in-one vide_2822c6/a_Log in' is clicked on

2021-10-13 21:54:25 - [MESSAGE][PASSED] - Object: 'Object Repository/log in objects/Page_Vimeo  The worlds only all-in-one vide_2822c6/a_Log in' is clicked on

2021-10-13 21:54:25 - [TEST_STEP][PASSED] - verifyElementPresent(findTestObject("Random Captures/Page_Vimeo  The worlds only all-in-one video solution/span_Log in to Vimeo"), 2): Object 'Object Repository/Random Captures/Page_Vimeo  The worlds only all-in-one video solution/span_Log in to Vimeo' is present

2021-10-13 21:54:27 - [MESSAGE][PASSED] - Object 'Object Repository/Random Captures/Page_Vimeo  The worlds only all-in-one video solution/span_Log in to Vimeo' is present

2021-10-13 21:54:27 - [TEST_STEP][PASSED] - setText(findTestObject("Object Repository/log in objects/Page_Vimeo  The worlds only all-in-one vide_2822c6/input_Log in to Vimeo_email"), "ronyland@post.bgu.ac.il"): Text 'ronyland@post.bgu.ac.il' is set on object 'Object Repository/log in objects/Page_Vimeo  The worlds only all-in-one vide_2822c6/input_Log in to Vimeo_email'

2021-10-13 21:54:29 - [MESSAGE][PASSED] - Text 'ronyland@post.bgu.ac.il' is set on object 'Object Repository/log in objects/Page_Vimeo  The worlds only all-in-one vide_2822c6/input_Log in to Vimeo_email'

2021-10-13 21:54:29 - [TEST_STEP][PASSED] - setEncryptedText(findTestObject("Object Repository/log in objects/Page_Vimeo  The worlds only all-in-one vide_2822c6/input_Log in to Vimeo_password"), "3JtwHyzuAJdJUxaSbWvCLQ=="): Text ****** has been set on object 'Object Repository/log in objects/Page_Vimeo  The worlds only all-in-one vide_2822c6/input_Log in to Vimeo_password'

2021-10-13 21:54:29 - [MESSAGE][PASSED] - Text ****** has been set on object 'Object Repository/log in objects/Page_Vimeo  The worlds only all-in-one vide_2822c6/input_Log in to Vimeo_password'

2021-10-13 21:54:29 - [TEST_STEP][PASSED] - click(findTestObject("Object Repository/log in objects/Page_Vimeo  The worlds only all-in-one vide_2822c6/input_A security code has been sent to your_7a5454")): Object: 'Object Repository/log in objects/Page_Vimeo  The worlds only all-in-one vide_2822c6/input_A security code has been sent to your_7a5454' is clicked on

2021-10-13 21:54:30 - [MESSAGE][PASSED] - Object: 'Object Repository/log in objects/Page_Vimeo  The worlds only all-in-one vide_2822c6/input_A security code has been sent to your_7a5454' is clicked on

2021-10-13 21:54:30 - [TEST_STEP][PASSED] - verifyElementPresent(findTestObject("Random Captures/Page_Videos on Vimeo/div_Eli Cohen"), 2): Object 'Object Repository/Random Captures/Page_Videos on Vimeo/div_Eli Cohen' is present

2021-10-13 21:54:38 - [MESSAGE][PASSED] - Object 'Object Repository/Random Captures/Page_Videos on Vimeo/div_Eli Cohen' is present

2021-10-13 21:54:38 - [TEST_STEP][PASSED] - delay(5): Delayed 5 second(s)

2021-10-13 21:54:44 - [MESSAGE][PASSED] - Delayed 5 second(s)

2021-10-13 21:54:44 - [TEST_STEP][PASSED] - navigateToUrl("https://vimeo.com/" + video_id): Navigate to 'https://vimeo.com/624629606' successfully

2021-10-13 21:54:47 - [MESSAGE][PASSED] - Navigate to 'https://vimeo.com/624629606' successfully

2021-10-13 21:54:47 - [TEST_STEP][PASSED] - verifyElementPresent(findTestObject("Random Captures/Page_Chuj Boys of Summer on Vimeo/div_Open in app_vp-nudge-shade vp-nudge-shade-left vp-nudge-shade-invisible", ["video_id":video_id]), 2): Object 'Object Repository/Random Captures/Page_Chuj Boys of Summer on Vimeo/div_Open in app_vp-nudge-shade vp-nudge-shade-left vp-nudge-shade-invisible' is present

2021-10-13 21:54:48 - [MESSAGE][PASSED] - Object 'Object Repository/Random Captures/Page_Chuj Boys of Summer on Vimeo/div_Open in app_vp-nudge-shade vp-nudge-shade-left vp-nudge-shade-invisible' is present

2021-10-13 21:54:48 - [TEST_STEP][PASSED] - focus(findTestObject("pageTitleObject/pageTitleCapture/div_Menu                                   _11ec99")): Object: 'Object Repository/pageTitleObject/pageTitleCapture/div_Menu                                   _11ec99' is focused

2021-10-13 21:54:49 - [MESSAGE][PASSED] - Object: 'Object Repository/pageTitleObject/pageTitleCapture/div_Menu                                   _11ec99' is focused

2021-10-13 21:54:49 - [TEST_STEP][PASSED] - verifyElementPresent(findTestObject("Random Captures/Page_Chuj Boys of Summer on Vimeo/span_Add a new comment"), 2): Object 'Object Repository/Random Captures/Page_Chuj Boys of Summer on Vimeo/span_Add a new comment' is present

2021-10-13 21:54:50 - [MESSAGE][PASSED] - Object 'Object Repository/Random Captures/Page_Chuj Boys of Summer on Vimeo/span_Add a new comment' is present

2021-10-13 21:54:50 - [TEST_STEP][PASSED] - comment = getText(findTestObject("dynamicComment", ["comment_id":comment_id])): Text of object 'Object Repository/dynamicComment' is: 'Eli Cohen36 seconds ago
Awesome! Thank you.'

2021-10-13 21:54:51 - [MESSAGE][PASSED] - Text of object 'Object Repository/dynamicComment' is: 'Eli Cohen36 seconds ago
Awesome! Thank you.'

2021-10-13 21:54:51 - [TEST_STEP][PASSED] - comment_text = comment.split("
")[1]: null

2021-10-13 21:54:51 - [TEST_STEP][PASSED] - println(comment_text): null

2021-10-13 21:54:51 - [TEST_STEP][PASSED] - verifyMatch(comment_text, comment_text, false): Actual text 'Awesome! Thank you.' and expected text 'Awesome! Thank you.' are matched 

2021-10-13 21:54:51 - [MESSAGE][PASSED] - Actual text 'Awesome! Thank you.' and expected text 'Awesome! Thank you.' are matched]]></system-out>
         <system-err><![CDATA[]]></system-err>
      </testcase>
      <testcase name="Test Cases/LikesViews/LikeViews" time="11.473" classname="Test Cases/LikesViews/LikeViews" status="PASSED">
         <system-out><![CDATA[2021-10-13 21:54:51 - [TEST_CASE][PASSED] - Test Cases/LikesViews/LikeViews: Test Cases/LikesViews/LikeViews

2021-10-13 21:54:52 - [TEST_STEP][PASSED] - navigateToUrl("https://vimeo.com/" + video_id2): Navigate to 'https://vimeo.com/553596679' successfully

2021-10-13 21:54:56 - [MESSAGE][PASSED] - Navigate to 'https://vimeo.com/553596679' successfully

2021-10-13 21:54:56 - [TEST_STEP][PASSED] - verifyElementPresent(findTestObject("Random Captures/Page_Chuj Boys of Summer on Vimeo/div_Open in app_vp-nudge-shade vp-nudge-shade-left vp-nudge-shade-invisible", ["video_id":video_id2]), 2): Object 'Object Repository/Random Captures/Page_Chuj Boys of Summer on Vimeo/div_Open in app_vp-nudge-shade vp-nudge-shade-left vp-nudge-shade-invisible' is present

2021-10-13 21:54:56 - [MESSAGE][PASSED] - Object 'Object Repository/Random Captures/Page_Chuj Boys of Summer on Vimeo/div_Open in app_vp-nudge-shade vp-nudge-shade-left vp-nudge-shade-invisible' is present

2021-10-13 21:54:56 - [TEST_STEP][PASSED] - focus(findTestObject("pageTitleObject/pageTitleCapture/div_Menu                                   _11ec99")): Object: 'Object Repository/pageTitleObject/pageTitleCapture/div_Menu                                   _11ec99' is focused

2021-10-13 21:54:57 - [MESSAGE][PASSED] - Object: 'Object Repository/pageTitleObject/pageTitleCapture/div_Menu                                   _11ec99' is focused

2021-10-13 21:54:57 - [TEST_STEP][PASSED] - verifyElementPresent(findTestObject("Random Captures/Page_Chuj Boys of Summer on Vimeo/span_Add a new comment"), 2): Object 'Object Repository/Random Captures/Page_Chuj Boys of Summer on Vimeo/span_Add a new comment' is present

2021-10-13 21:54:57 - [MESSAGE][PASSED] - Object 'Object Repository/Random Captures/Page_Chuj Boys of Summer on Vimeo/span_Add a new comment' is present

2021-10-13 21:54:57 - [TEST_STEP][PASSED] - likes = getText(findTestObject("Object Repository/objectLikesViews/Page_YONA on Vimeo/span_3,530")): Text of object 'Object Repository/objectLikesViews/Page_YONA on Vimeo/span_3,530' is: '294'

2021-10-13 21:54:58 - [MESSAGE][PASSED] - Text of object 'Object Repository/objectLikesViews/Page_YONA on Vimeo/span_3,530' is: '294'

2021-10-13 21:54:58 - [TEST_STEP][PASSED] - views = getText(findTestObject("Object Repository/objectLikesViews/Page_YONA on Vimeo/span_202K")): Text of object 'Object Repository/objectLikesViews/Page_YONA on Vimeo/span_202K' is: '40.2K'

2021-10-13 21:54:58 - [MESSAGE][PASSED] - Text of object 'Object Repository/objectLikesViews/Page_YONA on Vimeo/span_202K' is: '40.2K'

2021-10-13 21:54:58 - [TEST_STEP][PASSED] - likes_number = likes: null

2021-10-13 21:54:58 - [TEST_STEP][PASSED] - views_num = views: null

2021-10-13 21:54:58 - [TEST_STEP][PASSED] - verifyTextPresent(likes_number, false): Text '294' is present on page 

2021-10-13 21:55:00 - [MESSAGE][PASSED] - Text '294' is present on page 

2021-10-13 21:55:00 - [TEST_STEP][PASSED] - verifyTextPresent(views_num, false): Text '40.2K' is present on page 

2021-10-13 21:55:01 - [MESSAGE][PASSED] - Text '40.2K' is present on page 

2021-10-13 21:55:01 - [TEST_STEP][PASSED] - println(likes_number): null

2021-10-13 21:55:01 - [TEST_STEP][PASSED] - println(views_num): null

2021-10-13 21:55:01 - [TEST_STEP][PASSED] - closeBrowser(): Browser is closed

2021-10-13 21:55:03 - [MESSAGE][PASSED] - Browser is closed]]></system-out>
         <system-err><![CDATA[]]></system-err>
      </testcase>
      <system-out><![CDATA[2021-10-13 21:54:06 - [TEST_SUITE][PASSED] - VimeoQA: Test Cases/LikesViews/LikeViews]]></system-out>
      <system-err><![CDATA[]]></system-err>
   </testsuite>
</testsuites>
